#
# There is insufficient memory for the Java Runtime Environment to continue.
# Native memory allocation (malloc) failed to allocate 215136 bytes for Chunk::new
# Possible reasons:
#   The system is out of physical RAM or swap space
#   The process is running with CompressedOops enabled, and the Java Heap may be blocking the growth of the native heap
# Possible solutions:
#   Reduce memory load on the system
#   Increase physical memory or swap space
#   Check if swap backing store is full
#   Decrease Java heap size (-Xmx/-Xms)
#   Decrease number of Java threads
#   Decrease Java thread stack sizes (-Xss)
#   Set larger code cache with -XX:ReservedCodeCacheSize=
#   JVM is running with Unscaled Compressed Oops mode in which the Java heap is
#     placed in the first 4GB address space. The Java Heap base address is the
#     maximum limit for the native heap growth. Please use -XX:HeapBaseMinAddress
#     to set the Java Heap base and to place the Java Heap above 4GB virtual address.
# This output file may be truncated or incomplete.
#
#  Out of Memory Error (allocation.cpp:389), pid=9212, tid=0x000000000000214c
#
# JRE version: Java(TM) SE Runtime Environment (8.0_321-b07) (build 1.8.0_321-b07)
# Java VM: Java HotSpot(TM) 64-Bit Server VM (25.321-b07 mixed mode windows-amd64 compressed oops)
# Failed to write core dump. Minidumps are not enabled by default on client versions of Windows
#

---------------  T H R E A D  ---------------

Current thread (0x000002c0941d9800):  JavaThread "C2 CompilerThread0" daemon [_thread_in_native, id=8524, stack(0x000000c80f200000,0x000000c80f300000)]

Stack: [0x000000c80f200000,0x000000c80f300000]
Native frames: (J=compiled Java code, j=interpreted, Vv=VM code, C=native code)
V  [jvm.dll+0x32fc49]


Current CompileTask:
C2: 100284 5124       4       com.sun.javafx.tk.quantum.QuantumToolkit$$Lambda$42/1304757904::run (8 bytes)


---------------  P R O C E S S  ---------------

Java Threads: ( => current thread )
  0x000002c095d37000 JavaThread "Prism Font Disposer" daemon [_thread_blocked, id=5876, stack(0x000000c810100000,0x000000c810200000)]
  0x000002c095d60000 JavaThread "Abandoned connection cleanup thread" daemon [_thread_blocked, id=3772, stack(0x000000c80fd00000,0x000000c80fe00000)]
  0x000002c09595c000 JavaThread "JavaFX-Launcher" [_thread_blocked, id=17020, stack(0x000000c80fc00000,0x000000c80fd00000)]
  0x000002c095701800 JavaThread "Thread-2" daemon [_thread_in_vm, id=11084, stack(0x000000c80fb00000,0x000000c80fc00000)]
  0x000002c095153000 JavaThread "JavaFX Application Thread" [_thread_in_native, id=10580, stack(0x000000c80f900000,0x000000c80fa00000)]
  0x000002c09512d800 JavaThread "Thread-1" daemon [_thread_blocked, id=12576, stack(0x000000c80f800000,0x000000c80f900000)]
  0x000002c095105800 JavaThread "QuantumRenderer-0" daemon [_thread_blocked, id=15432, stack(0x000000c80f700000,0x000000c80f800000)]
  0x000002c094276800 JavaThread "Service Thread" daemon [_thread_blocked, id=12480, stack(0x000000c80f500000,0x000000c80f600000)]
  0x000002c0941f0800 JavaThread "C1 CompilerThread2" daemon [_thread_blocked, id=15704, stack(0x000000c80f400000,0x000000c80f500000)]
  0x000002c0941e4000 JavaThread "C2 CompilerThread1" daemon [_thread_in_native, id=3916, stack(0x000000c80f300000,0x000000c80f400000)]
=>0x000002c0941d9800 JavaThread "C2 CompilerThread0" daemon [_thread_in_native, id=8524, stack(0x000000c80f200000,0x000000c80f300000)]
  0x000002c0941d1000 JavaThread "Attach Listener" daemon [_thread_blocked, id=10136, stack(0x000000c80f100000,0x000000c80f200000)]
  0x000002c0941d5800 JavaThread "Signal Dispatcher" daemon [_thread_blocked, id=13464, stack(0x000000c80f000000,0x000000c80f100000)]
  0x000002c093a7e800 JavaThread "Finalizer" daemon [_thread_blocked, id=12300, stack(0x000000c80ef00000,0x000000c80f000000)]
  0x000002c0941a6800 JavaThread "Reference Handler" daemon [_thread_blocked, id=1428, stack(0x000000c80ee00000,0x000000c80ef00000)]
  0x000002c080187800 JavaThread "main" [_thread_blocked, id=16800, stack(0x000000c80e800000,0x000000c80e900000)]

Other Threads:
  0x000002c094184800 VMThread [stack: 0x000000c80ed00000,0x000000c80ee00000] [id=13076]
  0x000002c094221800 WatcherThread [stack: 0x000000c80f600000,0x000000c80f700000] [id=7372]

VM state:not at safepoint (normal execution)

VM Mutex/Monitor currently owned by a thread: None

heap address: 0x00000000c5200000, size: 942 MB, Compressed Oops mode: 32-bit
Narrow klass base: 0x0000000000000000, Narrow klass shift: 3
Compressed class space size: 1073741824 Address: 0x0000000100000000

Heap:
 PSYoungGen      total 51712K, used 50467K [0x00000000ec600000, 0x00000000f0500000, 0x0000000100000000)
  eden space 45056K, 97% used [0x00000000ec600000,0x00000000ef0cfea8,0x00000000ef200000)
  from space 6656K, 99% used [0x00000000efb00000,0x00000000f0178db0,0x00000000f0180000)
  to   space 9216K, 0% used [0x00000000ef200000,0x00000000ef200000,0x00000000efb00000)
 ParOldGen       total 33280K, used 13601K [0x00000000c5200000, 0x00000000c7280000, 0x00000000ec600000)
  object space 33280K, 40% used [0x00000000c5200000,0x00000000c5f487a0,0x00000000c7280000)
 Metaspace       used 33460K, capacity 35160K, committed 35328K, reserved 1079296K
  class space    used 4401K, capacity 4839K, committed 4864K, reserved 1048576K

Card table byte_map: [0x000002c090f10000,0x000002c0910f0000] byte_map_base: 0x000002c0908e7000

Marking Bits: (ParMarkBitMap*) 0x0000000050b39030
 Begin Bits: [0x000002c091230000, 0x000002c0920e8000)
 End Bits:   [0x000002c0920e8000, 0x000002c092fa0000)

Polling page: 0x000002c080350000

CodeCache: size=245760Kb used=15366Kb max_used=15380Kb free=230393Kb
 bounds [0x000002c081b50000, 0x000002c082a70000, 0x000002c090b50000]
 total_blobs=5583 nmethods=4751 adapters=744
 compilation: enabled

Compilation events (10 events):
Event: 98.538 Thread 0x000002c0941d9800 nmethod 5119 0x000002c082a3da90 code [0x000002c082a3dbe0, 0x000002c082a3dc68]
Event: 98.574 Thread 0x000002c0941e4000 nmethod 5118 0x000002c082a61110 code [0x000002c082a61360, 0x000002c082a627f0]
Event: 100.208 Thread 0x000002c0941d9800 5120       4       com.sun.scenario.animation.AbstractPrimaryTimer$MainLoop::updateAnimationRunnable (61 bytes)
Event: 100.211 Thread 0x000002c0941d9800 nmethod 5120 0x000002c082a494d0 code [0x000002c082a49620, 0x000002c082a496d8]
Event: 100.224 Thread 0x000002c0941e4000 5121   !   4       com.sun.javafx.tk.quantum.QuantumToolkit::pulse (152 bytes)
Event: 100.224 Thread 0x000002c0941d9800 5122       4       com.sun.scenario.animation.AbstractPrimaryTimer$MainLoop::updateNextPulseTime (170 bytes)
Event: 100.227 Thread 0x000002c0941d9800 nmethod 5122 0x000002c082a4e9d0 code [0x000002c082a4eb20, 0x000002c082a4ecb8]
Event: 100.227 Thread 0x000002c0941d9800 5123   !   4       com.sun.javafx.tk.quantum.PaintCollector::renderAll (402 bytes)
Event: 100.250 Thread 0x000002c0941d9800 nmethod 5123 0x000002c082a5f650 code [0x000002c082a5f860, 0x000002c082a60560]
Event: 100.251 Thread 0x000002c0941d9800 5124       4       com.sun.javafx.tk.quantum.QuantumToolkit$$Lambda$42/1304757904::run (8 bytes)

GC Heap History (10 events):
Event: 7.082 GC heap before
{Heap before GC invocations=3 (full 0):
 PSYoungGen      total 17920K, used 17896K [0x00000000ec600000, 0x00000000eda00000, 0x0000000100000000)
  eden space 15360K, 100% used [0x00000000ec600000,0x00000000ed500000,0x00000000ed500000)
  from space 2560K, 99% used [0x00000000ed780000,0x00000000ed9fa030,0x00000000eda00000)
  to   space 2560K, 0% used [0x00000000ed500000,0x00000000ed500000,0x00000000ed780000)
 ParOldGen       total 40960K, used 3189K [0x00000000c5200000, 0x00000000c7a00000, 0x00000000ec600000)
  object space 40960K, 7% used [0x00000000c5200000,0x00000000c551d640,0x00000000c7a00000)
 Metaspace       used 17671K, capacity 18086K, committed 18304K, reserved 1064960K
  class space    used 2243K, capacity 2390K, committed 2432K, reserved 1048576K
Event: 7.093 GC heap after
Heap after GC invocations=3 (full 0):
 PSYoungGen      total 17920K, used 2560K [0x00000000ec600000, 0x00000000ee900000, 0x0000000100000000)
  eden space 15360K, 0% used [0x00000000ec600000,0x00000000ec600000,0x00000000ed500000)
  from space 2560K, 100% used [0x00000000ed500000,0x00000000ed780000,0x00000000ed780000)
  to   space 2560K, 0% used [0x00000000ee680000,0x00000000ee680000,0x00000000ee900000)
 ParOldGen       total 40960K, used 6128K [0x00000000c5200000, 0x00000000c7a00000, 0x00000000ec600000)
  object space 40960K, 14% used [0x00000000c5200000,0x00000000c57fc090,0x00000000c7a00000)
 Metaspace       used 17671K, capacity 18086K, committed 18304K, reserved 1064960K
  class space    used 2243K, capacity 2390K, committed 2432K, reserved 1048576K
}
Event: 7.599 GC heap before
{Heap before GC invocations=4 (full 0):
 PSYoungGen      total 17920K, used 11662K [0x00000000ec600000, 0x00000000ee900000, 0x0000000100000000)
  eden space 15360K, 59% used [0x00000000ec600000,0x00000000ecee3ac0,0x00000000ed500000)
  from space 2560K, 100% used [0x00000000ed500000,0x00000000ed780000,0x00000000ed780000)
  to   space 2560K, 0% used [0x00000000ee680000,0x00000000ee680000,0x00000000ee900000)
 ParOldGen       total 40960K, used 6128K [0x00000000c5200000, 0x00000000c7a00000, 0x00000000ec600000)
  object space 40960K, 14% used [0x00000000c5200000,0x00000000c57fc090,0x00000000c7a00000)
 Metaspace       used 20650K, capacity 21134K, committed 21248K, reserved 1067008K
  class space    used 2600K, capacity 2766K, committed 2816K, reserved 1048576K
Event: 7.608 GC heap after
Heap after GC invocations=4 (full 0):
 PSYoungGen      total 33280K, used 2528K [0x00000000ec600000, 0x00000000ee900000, 0x0000000100000000)
  eden space 30720K, 0% used [0x00000000ec600000,0x00000000ec600000,0x00000000ee400000)
  from space 2560K, 98% used [0x00000000ee680000,0x00000000ee8f8020,0x00000000ee900000)
  to   space 2560K, 0% used [0x00000000ee400000,0x00000000ee400000,0x00000000ee680000)
 ParOldGen       total 40960K, used 7850K [0x00000000c5200000, 0x00000000c7a00000, 0x00000000ec600000)
  object space 40960K, 19% used [0x00000000c5200000,0x00000000c59aaa40,0x00000000c7a00000)
 Metaspace       used 20650K, capacity 21134K, committed 21248K, reserved 1067008K
  class space    used 2600K, capacity 2766K, committed 2816K, reserved 1048576K
}
Event: 7.608 GC heap before
{Heap before GC invocations=5 (full 1):
 PSYoungGen      total 33280K, used 2528K [0x00000000ec600000, 0x00000000ee900000, 0x0000000100000000)
  eden space 30720K, 0% used [0x00000000ec600000,0x00000000ec600000,0x00000000ee400000)
  from space 2560K, 98% used [0x00000000ee680000,0x00000000ee8f8020,0x00000000ee900000)
  to   space 2560K, 0% used [0x00000000ee400000,0x00000000ee400000,0x00000000ee680000)
 ParOldGen       total 40960K, used 7850K [0x00000000c5200000, 0x00000000c7a00000, 0x00000000ec600000)
  object space 40960K, 19% used [0x00000000c5200000,0x00000000c59aaa40,0x00000000c7a00000)
 Metaspace       used 20650K, capacity 21134K, committed 21248K, reserved 1067008K
  class space    used 2600K, capacity 2766K, committed 2816K, reserved 1048576K
Event: 7.673 GC heap after
Heap after GC invocations=5 (full 1):
 PSYoungGen      total 33280K, used 0K [0x00000000ec600000, 0x00000000ee900000, 0x0000000100000000)
  eden space 30720K, 0% used [0x00000000ec600000,0x00000000ec600000,0x00000000ee400000)
  from space 2560K, 0% used [0x00000000ee680000,0x00000000ee680000,0x00000000ee900000)
  to   space 2560K, 0% used [0x00000000ee400000,0x00000000ee400000,0x00000000ee680000)
 ParOldGen       total 33280K, used 7335K [0x00000000c5200000, 0x00000000c7280000, 0x00000000ec600000)
  object space 33280K, 22% used [0x00000000c5200000,0x00000000c5929d78,0x00000000c7280000)
 Metaspace       used 20643K, capacity 21122K, committed 21248K, reserved 1067008K
  class space    used 2599K, capacity 2764K, committed 2816K, reserved 1048576K
}
Event: 12.783 GC heap before
{Heap before GC invocations=6 (full 1):
 PSYoungGen      total 33280K, used 30720K [0x00000000ec600000, 0x00000000ee900000, 0x0000000100000000)
  eden space 30720K, 100% used [0x00000000ec600000,0x00000000ee400000,0x00000000ee400000)
  from space 2560K, 0% used [0x00000000ee680000,0x00000000ee680000,0x00000000ee900000)
  to   space 2560K, 0% used [0x00000000ee400000,0x00000000ee400000,0x00000000ee680000)
 ParOldGen       total 33280K, used 7335K [0x00000000c5200000, 0x00000000c7280000, 0x00000000ec600000)
  object space 33280K, 22% used [0x00000000c5200000,0x00000000c5929d78,0x00000000c7280000)
 Metaspace       used 26269K, capacity 27058K, committed 27264K, reserved 1073152K
  class space    used 3495K, capacity 3710K, committed 3712K, reserved 1048576K
Event: 12.794 GC heap after
Heap after GC invocations=6 (full 1):
 PSYoungGen      total 33280K, used 2552K [0x00000000ec600000, 0x00000000f0180000, 0x0000000100000000)
  eden space 30720K, 0% used [0x00000000ec600000,0x00000000ec600000,0x00000000ee400000)
  from space 2560K, 99% used [0x00000000ee400000,0x00000000ee67e090,0x00000000ee680000)
  to   space 6656K, 0% used [0x00000000efb00000,0x00000000efb00000,0x00000000f0180000)
 ParOldGen       total 33280K, used 10342K [0x00000000c5200000, 0x00000000c7280000, 0x00000000ec600000)
  object space 33280K, 31% used [0x00000000c5200000,0x00000000c5c19b18,0x00000000c7280000)
 Metaspace       used 26269K, capacity 27058K, committed 27264K, reserved 1073152K
  class space    used 3495K, capacity 3710K, committed 3712K, reserved 1048576K
}
Event: 17.320 GC heap before
{Heap before GC invocations=7 (full 1):
 PSYoungGen      total 33280K, used 33272K [0x00000000ec600000, 0x00000000f0180000, 0x0000000100000000)
  eden space 30720K, 100% used [0x00000000ec600000,0x00000000ee400000,0x00000000ee400000)
  from space 2560K, 99% used [0x00000000ee400000,0x00000000ee67e090,0x00000000ee680000)
  to   space 6656K, 0% used [0x00000000efb00000,0x00000000efb00000,0x00000000f0180000)
 ParOldGen       total 33280K, used 10342K [0x00000000c5200000, 0x00000000c7280000, 0x00000000ec600000)
  object space 33280K, 31% used [0x00000000c5200000,0x00000000c5c19b18,0x00000000c7280000)
 Metaspace       used 31745K, capacity 33264K, committed 33408K, reserved 1077248K
  class space    used 4232K, capacity 4633K, committed 4736K, reserved 1048576K
Event: 17.337 GC heap after
Heap after GC invocations=7 (full 1):
 PSYoungGen      total 51712K, used 6627K [0x00000000ec600000, 0x00000000f0500000, 0x0000000100000000)
  eden space 45056K, 0% used [0x00000000ec600000,0x00000000ec600000,0x00000000ef200000)
  from space 6656K, 99% used [0x00000000efb00000,0x00000000f0178db0,0x00000000f0180000)
  to   space 9216K, 0% used [0x00000000ef200000,0x00000000ef200000,0x00000000efb00000)
 ParOldGen       total 33280K, used 13601K [0x00000000c5200000, 0x00000000c7280000, 0x00000000ec600000)
  object space 33280K, 40% used [0x00000000c5200000,0x00000000c5f487a0,0x00000000c7280000)
 Metaspace       used 31745K, capacity 33264K, committed 33408K, reserved 1077248K
  class space    used 4232K, capacity 4633K, committed 4736K, reserved 1048576K
}

Deoptimization events (10 events):
Event: 18.355 Thread 0x000002c095153000 Uncommon trap: reason=class_check action=maybe_recompile pc=0x000002c08248454c method=javafx.scene.Node.updateLocalToParentTransform()V @ 327
Event: 18.355 Thread 0x000002c095153000 Uncommon trap: reason=class_check action=maybe_recompile pc=0x000002c08248454c method=javafx.scene.Node.updateLocalToParentTransform()V @ 327
Event: 18.355 Thread 0x000002c095153000 Uncommon trap: reason=class_check action=maybe_recompile pc=0x000002c08248454c method=javafx.scene.Node.updateLocalToParentTransform()V @ 327
Event: 18.502 Thread 0x000002c095105800 Uncommon trap: reason=class_check action=maybe_recompile pc=0x000002c0825fc238 method=java.util.WeakHashMap.eq(Ljava/lang/Object;Ljava/lang/Object;)Z @ 7
Event: 18.502 Thread 0x000002c095105800 Uncommon trap: reason=class_check action=maybe_recompile pc=0x000002c0825fc238 method=java.util.WeakHashMap.eq(Ljava/lang/Object;Ljava/lang/Object;)Z @ 7
Event: 18.503 Thread 0x000002c095105800 Uncommon trap: reason=class_check action=maybe_recompile pc=0x000002c0825fc238 method=java.util.WeakHashMap.eq(Ljava/lang/Object;Ljava/lang/Object;)Z @ 7
Event: 20.683 Thread 0x000002c095105800 Uncommon trap: reason=class_check action=maybe_recompile pc=0x000002c0828e4fc0 method=com.sun.javafx.font.CompositeStrike.getStrikeSlot(I)Lcom/sun/javafx/font/FontStrike; @ 16
Event: 20.694 Thread 0x000002c095105800 Uncommon trap: reason=class_check action=maybe_recompile pc=0x000002c0825fc238 method=java.util.WeakHashMap.eq(Ljava/lang/Object;Ljava/lang/Object;)Z @ 7
Event: 41.156 Thread 0x000002c095153000 Uncommon trap: reason=unstable_if action=reinterpret pc=0x000002c08236bf5c method=java.util.logging.Logger.isLoggable(Ljava/util/logging/Level;)Z @ 8
Event: 50.147 Thread 0x000002c095153000 Uncommon trap: reason=unstable_if action=reinterpret pc=0x000002c082047298 method=com.sun.scenario.animation.shared.InfiniteClipEnvelope.timePulse(J)V @ 63

Classes redefined (0 events):
No events

Internal exceptions (10 events):
Event: 6.536 Thread 0x000002c095153000 Exception <a 'java/lang/NullPointerException'> (0x00000000ed27f7e8) thrown at [C:\jenkins\workspace\8-2-build-windows-amd64-cygwin\jdk8u321\2141\hotspot\src\share\vm\interpreter\linkResolver.cpp, line 1185]
Event: 6.536 Thread 0x000002c095153000 Exception <a 'java/lang/NullPointerException'> (0x00000000ed27f7e8) thrown at [C:\jenkins\workspace\8-2-build-windows-amd64-cygwin\jdk8u321\2141\hotspot\src\share\vm\prims\jvm.cpp, line 1527]
Event: 6.885 Thread 0x000002c095153000 Exception <a 'java/io/FileNotFoundException'> (0x00000000ecd0fa28) thrown at [C:\jenkins\workspace\8-2-build-windows-amd64-cygwin\jdk8u321\2141\hotspot\src\share\vm\prims\jni.cpp, line 710]
Event: 6.897 Thread 0x000002c095153000 Implicit null exception at 0x000002c081ec9e18 to 0x000002c081ec9ea6
Event: 7.099 Thread 0x000002c095153000 Implicit null exception at 0x000002c081da3759 to 0x000002c081da3afd
Event: 7.948 Thread 0x000002c095153000 Exception <a 'java/io/FileNotFoundException'> (0x00000000ec9b3998) thrown at [C:\jenkins\workspace\8-2-build-windows-amd64-cygwin\jdk8u321\2141\hotspot\src\share\vm\prims\jni.cpp, line 710]
Event: 7.952 Thread 0x000002c095153000 Exception <a 'java/io/FileNotFoundException'> (0x00000000ec9cb460) thrown at [C:\jenkins\workspace\8-2-build-windows-amd64-cygwin\jdk8u321\2141\hotspot\src\share\vm\prims\jni.cpp, line 710]
Event: 8.014 Thread 0x000002c095153000 Implicit null exception at 0x000002c081f5a5f5 to 0x000002c081f5a811
Event: 12.312 Thread 0x000002c09844b000 Implicit null exception at 0x000002c081fc5e74 to 0x000002c081fc82d9
Event: 17.638 Thread 0x000002c095153000 Implicit null exception at 0x000002c08240e90b to 0x000002c08240ee2d

Events (10 events):
Event: 41.202 loading class javafx/beans/Observable done
Event: 41.202 loading class javafx/scene/control/Alert
Event: 41.202 loading class javafx/scene/control/Alert done
Event: 41.221 Thread 0x000002c095153000 DEOPT PACKING pc=0x000002c081cdae7e sp=0x000000c80f9fb590
Event: 41.221 Thread 0x000002c095153000 DEOPT UNPACKING pc=0x000002c081b97518 sp=0x000000c80f9fb2f0 mode 0
Event: 41.269 Executing VM operation: RevokeBias
Event: 41.270 Executing VM operation: RevokeBias done
Event: 50.147 Thread 0x000002c095153000 Uncommon trap: trap_request=0xffffff65 fr.pc=0x000002c082047298
Event: 50.147 Thread 0x000002c095153000 DEOPT PACKING pc=0x000002c082047298 sp=0x000000c80f9fdc10
Event: 50.147 Thread 0x000002c095153000 DEOPT UNPACKING pc=0x000002c081b958c3 sp=0x000000c80f9fda58 mode 2


Dynamic libraries:
0x00007ff7e6230000 - 0x00007ff7e6277000 	C:\Program Files\Java\jdk1.8.0_321\jre\bin\java.exe
0x00007ffbceb10000 - 0x00007ffbced05000 	C:\WINDOWS\SYSTEM32\ntdll.dll
0x00007ffba7c10000 - 0x00007ffba7c26000 	C:\Program Files\Avast Software\Avast\aswhook.dll
0x00007ffbce1a0000 - 0x00007ffbce25e000 	C:\WINDOWS\System32\KERNEL32.DLL
0x00007ffbcc390000 - 0x00007ffbcc658000 	C:\WINDOWS\System32\KERNELBASE.dll
0x00007ffbcea20000 - 0x00007ffbceace000 	C:\WINDOWS\System32\ADVAPI32.dll
0x00007ffbcd3c0000 - 0x00007ffbcd45e000 	C:\WINDOWS\System32\msvcrt.dll
0x00007ffbce260000 - 0x00007ffbce2fc000 	C:\WINDOWS\System32\sechost.dll
0x00007ffbcd840000 - 0x00007ffbcd965000 	C:\WINDOWS\System32\RPCRT4.dll
0x00007ffbce880000 - 0x00007ffbcea20000 	C:\WINDOWS\System32\USER32.dll
0x00007ffbcc9c0000 - 0x00007ffbcc9e2000 	C:\WINDOWS\System32\win32u.dll
0x00007ffbccb80000 - 0x00007ffbccbaa000 	C:\WINDOWS\System32\GDI32.dll
0x00007ffbcc9f0000 - 0x00007ffbccafb000 	C:\WINDOWS\System32\gdi32full.dll
0x00007ffbcc8a0000 - 0x00007ffbcc93d000 	C:\WINDOWS\System32\msvcp_win.dll
0x00007ffbcc7a0000 - 0x00007ffbcc8a0000 	C:\WINDOWS\System32\ucrtbase.dll
0x00007ffbb29e0000 - 0x00007ffbb2c7a000 	C:\WINDOWS\WinSxS\amd64_microsoft.windows.common-controls_6595b64144ccf1df_6.0.19041.1110_none_60b5254171f9507e\COMCTL32.dll
0x00007ffbcd980000 - 0x00007ffbcd9b0000 	C:\WINDOWS\System32\IMM32.DLL
0x00007ffbbded0000 - 0x00007ffbbdee5000 	C:\Program Files\Java\jdk1.8.0_321\jre\bin\vcruntime140.dll
0x00007ffba7e00000 - 0x00007ffba7e9b000 	C:\Program Files\Java\jdk1.8.0_321\jre\bin\msvcp140.dll
0x0000000050350000 - 0x0000000050bb1000 	C:\Program Files\Java\jdk1.8.0_321\jre\bin\server\jvm.dll
0x00007ffbcd970000 - 0x00007ffbcd978000 	C:\WINDOWS\System32\PSAPI.DLL
0x00007ffbc90c0000 - 0x00007ffbc90e7000 	C:\WINDOWS\SYSTEM32\WINMM.dll
0x00007ffbc76a0000 - 0x00007ffbc76aa000 	C:\WINDOWS\SYSTEM32\VERSION.dll
0x00007ffbbd4d0000 - 0x00007ffbbd4d9000 	C:\WINDOWS\SYSTEM32\WSOCK32.dll
0x00007ffbcd9b0000 - 0x00007ffbcda1b000 	C:\WINDOWS\System32\WS2_32.dll
0x00007ffbca150000 - 0x00007ffbca162000 	C:\WINDOWS\SYSTEM32\kernel.appcore.dll
0x00007ffbc1f00000 - 0x00007ffbc1f10000 	C:\Program Files\Java\jdk1.8.0_321\jre\bin\verify.dll
0x00007ffbbde60000 - 0x00007ffbbde8b000 	C:\Program Files\Java\jdk1.8.0_321\jre\bin\java.dll
0x00007ffbbde40000 - 0x00007ffbbde58000 	C:\Program Files\Java\jdk1.8.0_321\jre\bin\zip.dll
0x00007ffbccbb0000 - 0x00007ffbcd2f4000 	C:\WINDOWS\System32\SHELL32.dll
0x00007ffbca350000 - 0x00007ffbcaae4000 	C:\WINDOWS\SYSTEM32\windows.storage.dll
0x00007ffbce3a0000 - 0x00007ffbce6f4000 	C:\WINDOWS\System32\combase.dll
0x00007ffbcbca0000 - 0x00007ffbcbccc000 	C:\WINDOWS\SYSTEM32\Wldp.dll
0x00007ffbcd790000 - 0x00007ffbcd83d000 	C:\WINDOWS\System32\SHCORE.dll
0x00007ffbcda20000 - 0x00007ffbcda75000 	C:\WINDOWS\System32\shlwapi.dll
0x00007ffbcc170000 - 0x00007ffbcc18f000 	C:\WINDOWS\SYSTEM32\profapi.dll
0x000002c0951a0000 - 0x000002c0951a3000 	C:\Program Files\Java\jdk1.8.0_321\jre\bin\api-ms-win-core-console-l1-1-0.dll
0x000002c0951b0000 - 0x000002c0951b3000 	C:\Program Files\Java\jdk1.8.0_321\jre\bin\api-ms-win-core-console-l1-2-0.dll
0x000002c0951c0000 - 0x000002c0951c3000 	C:\Program Files\Java\jdk1.8.0_321\jre\bin\api-ms-win-core-datetime-l1-1-0.dll
0x000002c0951d0000 - 0x000002c0951d3000 	C:\Program Files\Java\jdk1.8.0_321\jre\bin\api-ms-win-core-debug-l1-1-0.dll
0x000002c0951e0000 - 0x000002c0951e3000 	C:\Program Files\Java\jdk1.8.0_321\jre\bin\api-ms-win-core-errorhandling-l1-1-0.dll
0x000002c0951f0000 - 0x000002c0951f4000 	C:\Program Files\Java\jdk1.8.0_321\jre\bin\api-ms-win-core-file-l1-1-0.dll
0x000002c095200000 - 0x000002c095203000 	C:\Program Files\Java\jdk1.8.0_321\jre\bin\api-ms-win-core-file-l1-2-0.dll
0x000002c095210000 - 0x000002c095213000 	C:\Program Files\Java\jdk1.8.0_321\jre\bin\api-ms-win-core-file-l2-1-0.dll
0x000002c095220000 - 0x000002c095223000 	C:\Program Files\Java\jdk1.8.0_321\jre\bin\api-ms-win-core-handle-l1-1-0.dll
0x000002c095230000 - 0x000002c095233000 	C:\Program Files\Java\jdk1.8.0_321\jre\bin\api-ms-win-core-heap-l1-1-0.dll
0x000002c095240000 - 0x000002c095243000 	C:\Program Files\Java\jdk1.8.0_321\jre\bin\api-ms-win-core-interlocked-l1-1-0.dll
0x000002c095250000 - 0x000002c095253000 	C:\Program Files\Java\jdk1.8.0_321\jre\bin\api-ms-win-core-libraryloader-l1-1-0.dll
0x000002c095260000 - 0x000002c095263000 	C:\Program Files\Java\jdk1.8.0_321\jre\bin\api-ms-win-core-localization-l1-2-0.dll
0x000002c095270000 - 0x000002c095273000 	C:\Program Files\Java\jdk1.8.0_321\jre\bin\api-ms-win-core-memory-l1-1-0.dll
0x000002c095280000 - 0x000002c095283000 	C:\Program Files\Java\jdk1.8.0_321\jre\bin\api-ms-win-core-namedpipe-l1-1-0.dll
0x000002c095290000 - 0x000002c095293000 	C:\Program Files\Java\jdk1.8.0_321\jre\bin\api-ms-win-core-processenvironment-l1-1-0.dll
0x000002c0952a0000 - 0x000002c0952a3000 	C:\Program Files\Java\jdk1.8.0_321\jre\bin\api-ms-win-core-processthreads-l1-1-0.dll
0x000002c0952b0000 - 0x000002c0952b3000 	C:\Program Files\Java\jdk1.8.0_321\jre\bin\api-ms-win-core-processthreads-l1-1-1.dll
0x000002c0952c0000 - 0x000002c0952c3000 	C:\Program Files\Java\jdk1.8.0_321\jre\bin\api-ms-win-core-profile-l1-1-0.dll
0x000002c0952d0000 - 0x000002c0952d3000 	C:\Program Files\Java\jdk1.8.0_321\jre\bin\api-ms-win-core-rtlsupport-l1-1-0.dll
0x000002c0952e0000 - 0x000002c0952e3000 	C:\Program Files\Java\jdk1.8.0_321\jre\bin\api-ms-win-core-string-l1-1-0.dll
0x000002c0952f0000 - 0x000002c0952f3000 	C:\Program Files\Java\jdk1.8.0_321\jre\bin\api-ms-win-core-synch-l1-1-0.dll
0x000002c095300000 - 0x000002c095303000 	C:\Program Files\Java\jdk1.8.0_321\jre\bin\api-ms-win-core-synch-l1-2-0.dll
0x000002c095310000 - 0x000002c095313000 	C:\Program Files\Java\jdk1.8.0_321\jre\bin\api-ms-win-core-sysinfo-l1-1-0.dll
0x000002c095320000 - 0x000002c095323000 	C:\Program Files\Java\jdk1.8.0_321\jre\bin\api-ms-win-core-timezone-l1-1-0.dll
0x000002c095330000 - 0x000002c095333000 	C:\Program Files\Java\jdk1.8.0_321\jre\bin\api-ms-win-core-util-l1-1-0.dll
0x000002c095340000 - 0x000002c095343000 	C:\Program Files\Java\jdk1.8.0_321\jre\bin\api-ms-win-crt-conio-l1-1-0.dll
0x000002c095350000 - 0x000002c095354000 	C:\Program Files\Java\jdk1.8.0_321\jre\bin\api-ms-win-crt-convert-l1-1-0.dll
0x000002c095360000 - 0x000002c095363000 	C:\Program Files\Java\jdk1.8.0_321\jre\bin\api-ms-win-crt-environment-l1-1-0.dll
0x000002c095370000 - 0x000002c095373000 	C:\Program Files\Java\jdk1.8.0_321\jre\bin\api-ms-win-crt-filesystem-l1-1-0.dll
0x000002c095380000 - 0x000002c095383000 	C:\Program Files\Java\jdk1.8.0_321\jre\bin\api-ms-win-crt-heap-l1-1-0.dll
0x000002c095390000 - 0x000002c095393000 	C:\Program Files\Java\jdk1.8.0_321\jre\bin\api-ms-win-crt-locale-l1-1-0.dll
0x000002c0953a0000 - 0x000002c0953a5000 	C:\Program Files\Java\jdk1.8.0_321\jre\bin\api-ms-win-crt-math-l1-1-0.dll
0x000002c0953b0000 - 0x000002c0953b5000 	C:\Program Files\Java\jdk1.8.0_321\jre\bin\api-ms-win-crt-multibyte-l1-1-0.dll
0x000002c0953c0000 - 0x000002c0953d0000 	C:\Program Files\Java\jdk1.8.0_321\jre\bin\api-ms-win-crt-private-l1-1-0.dll
0x000002c0953d0000 - 0x000002c0953d3000 	C:\Program Files\Java\jdk1.8.0_321\jre\bin\api-ms-win-crt-process-l1-1-0.dll
0x000002c0953e0000 - 0x000002c0953e4000 	C:\Program Files\Java\jdk1.8.0_321\jre\bin\api-ms-win-crt-runtime-l1-1-0.dll
0x000002c0953f0000 - 0x000002c0953f4000 	C:\Program Files\Java\jdk1.8.0_321\jre\bin\api-ms-win-crt-stdio-l1-1-0.dll
0x000002c095400000 - 0x000002c095404000 	C:\Program Files\Java\jdk1.8.0_321\jre\bin\api-ms-win-crt-string-l1-1-0.dll
0x000002c095410000 - 0x000002c095413000 	C:\Program Files\Java\jdk1.8.0_321\jre\bin\api-ms-win-crt-time-l1-1-0.dll
0x000002c095420000 - 0x000002c095423000 	C:\Program Files\Java\jdk1.8.0_321\jre\bin\api-ms-win-crt-utility-l1-1-0.dll
0x00007ffba6950000 - 0x00007ffba6a4a000 	C:\Program Files\Java\jdk1.8.0_321\jre\bin\ucrtbase.dll
0x00007ffbc7250000 - 0x00007ffbc725c000 	C:\Program Files\Java\jdk1.8.0_321\jre\bin\vcruntime140_1.dll
0x00007ffbc6e40000 - 0x00007ffbc6e63000 	C:\Program Files\Java\jdk1.8.0_321\jre\bin\prism_d3d.dll
0x00007ffb9d260000 - 0x00007ffb9d42f000 	C:\WINDOWS\system32\d3d9.dll
0x00007ffbc9f70000 - 0x00007ffbc9f9f000 	C:\WINDOWS\SYSTEM32\dwmapi.dll
0x00007ffbc9c70000 - 0x00007ffbc9d0e000 	C:\WINDOWS\system32\uxtheme.dll
0x0000000180000000 - 0x0000000180806000 	C:\WINDOWS\SYSTEM32\igdumd64.dll
0x00007ffbc15c0000 - 0x00007ffbc1602000 	C:\Program Files\Java\jdk1.8.0_321\jre\bin\glass.dll
0x00007ffbcd590000 - 0x00007ffbcd66b000 	C:\WINDOWS\System32\COMDLG32.dll
0x00007ffbcd460000 - 0x00007ffbcd58a000 	C:\WINDOWS\System32\ole32.dll
0x00007ffbce7b0000 - 0x00007ffbce87d000 	C:\WINDOWS\System32\OLEAUT32.dll
0x00007ffbcd670000 - 0x00007ffbcd785000 	C:\WINDOWS\System32\MSCTF.dll
0x00007ffbcc660000 - 0x00007ffbcc6e2000 	C:\WINDOWS\System32\bcryptPrimitives.dll
0x00007ffbbde20000 - 0x00007ffbbde3c000 	C:\Program Files\Java\jdk1.8.0_321\jre\bin\net.dll
0x00007ffbcba00000 - 0x00007ffbcba6a000 	C:\WINDOWS\system32\mswsock.dll
0x00007ffbbde00000 - 0x00007ffbbde13000 	C:\Program Files\Java\jdk1.8.0_321\jre\bin\nio.dll
0x00007ffbcbbf0000 - 0x00007ffbcbc08000 	C:\WINDOWS\SYSTEM32\CRYPTSP.dll
0x00007ffbcb310000 - 0x00007ffbcb344000 	C:\WINDOWS\system32\rsaenh.dll
0x00007ffbcc940000 - 0x00007ffbcc967000 	C:\WINDOWS\System32\bcrypt.dll
0x00007ffbcc130000 - 0x00007ffbcc15e000 	C:\WINDOWS\SYSTEM32\USERENV.dll
0x00007ffbcbc10000 - 0x00007ffbcbc1c000 	C:\WINDOWS\SYSTEM32\CRYPTBASE.dll
0x00007ffbcb680000 - 0x00007ffbcb6bb000 	C:\WINDOWS\SYSTEM32\IPHLPAPI.DLL
0x00007ffbccb70000 - 0x00007ffbccb78000 	C:\WINDOWS\System32\NSI.dll
0x00007ffbc4000000 - 0x00007ffbc4017000 	C:\WINDOWS\SYSTEM32\dhcpcsvc6.DLL
0x00007ffbc4800000 - 0x00007ffbc481d000 	C:\WINDOWS\SYSTEM32\dhcpcsvc.DLL
0x00007ffbcb6c0000 - 0x00007ffbcb78b000 	C:\WINDOWS\SYSTEM32\DNSAPI.dll
0x00007ffbc07b0000 - 0x00007ffbc07f4000 	C:\Users\Fabio\AppData\Local\Temp\jna-67633741\jna2040692713168447019.dll
0x00007ffbaa230000 - 0x00007ffbaa254000 	C:\Program Files\Java\jdk1.8.0_321\jre\bin\sunec.dll
0x00007ffbc7260000 - 0x00007ffbc7274000 	C:\Program Files\Java\jdk1.8.0_321\jre\bin\javafx_font.dll
0x00007ffbc0eb0000 - 0x00007ffbc112f000 	C:\WINDOWS\SYSTEM32\dwrite.dll
0x00007ffb9a520000 - 0x00007ffb9a6b5000 	C:\Program Files\Java\jdk1.8.0_321\jre\bin\awt.dll
0x00007ffbc9b20000 - 0x00007ffbc9bb0000 	C:\WINDOWS\SYSTEM32\apphelp.dll
0x00007ffbbef70000 - 0x00007ffbbef7a000 	C:\Windows\System32\rasadhlp.dll
0x00007ffbbf400000 - 0x00007ffbbf47f000 	C:\WINDOWS\System32\fwpuclnt.dll
0x00007ffbce700000 - 0x00007ffbce7a9000 	C:\WINDOWS\System32\clbcatq.dll
0x00007ffbc4020000 - 0x00007ffbc41d4000 	C:\WINDOWS\SYSTEM32\WindowsCodecs.dll
0x00007ffbb7c20000 - 0x00007ffbb7c5e000 	C:\WINDOWS\system32\dataexchange.dll
0x00007ffbc80c0000 - 0x00007ffbc8324000 	C:\WINDOWS\system32\d3d11.dll
0x00007ffbc8eb0000 - 0x00007ffbc9095000 	C:\WINDOWS\system32\dcomp.dll
0x00007ffbcab50000 - 0x00007ffbcac43000 	C:\WINDOWS\system32\dxgi.dll
0x00007ffbc45f0000 - 0x00007ffbc47f1000 	C:\WINDOWS\system32\twinapi.appcore.dll
0x00007ffbc4bd0000 - 0x00007ffbc4c04000 	C:\Program Files\Common Files\Microsoft Shared\Ink\rtscom.dll
0x00007ffbc5e70000 - 0x00007ffbc5f69000 	C:\WINDOWS\SYSTEM32\textinputframework.dll
0x00007ffbc9870000 - 0x00007ffbc9962000 	C:\WINDOWS\System32\CoreMessaging.dll
0x00007ffbc9510000 - 0x00007ffbc986e000 	C:\WINDOWS\System32\CoreUIComponents.dll
0x00007ffbcaf40000 - 0x00007ffbcaf73000 	C:\WINDOWS\SYSTEM32\ntmarta.dll
0x00007ffbc8790000 - 0x00007ffbc88e4000 	C:\WINDOWS\SYSTEM32\wintypes.dll
0x00007ffbc6e20000 - 0x00007ffbc6e32000 	C:\Program Files\Java\jdk1.8.0_321\jre\bin\prism_common.dll
0x000002c09d740000 - 0x000002c09de28000 	C:\WINDOWS\SYSTEM32\ACBrNFe64.dll
0x00007ffbcc230000 - 0x00007ffbcc386000 	C:\WINDOWS\System32\crypt32.dll
0x00007ffbb9990000 - 0x00007ffbb9e66000 	C:\WINDOWS\SYSTEM32\wininet.dll

VM Arguments:
jvm_args: -Dfile.encoding=UTF-8 
java_command: C:\Users\Fabio\Documents\NetBeansProjects\NOVAIDE\Unishop\dist\run170040044\Unishop.jar
java_class_path (initial): C:\Users\Fabio\Documents\NetBeansProjects\NOVAIDE\Unishop\dist\run170040044\Unishop.jar
Launcher Type: SUN_STANDARD

Environment Variables:
JAVA_HOME=C:\Program Files\Java\jdk1.8.0_321\
JRE_HOME=C:\Program Files\Java\jre1.8.0_321
CLASSPATH=;C:\Program Files\Java\jdk1.8.0_321\\lib;
PATH=C:\Program Files (x86)\Common Files\Oracle\Java\javapath;C:\Program Files (x86)\Common Files\Intel\Shared Files\cpp\bin\Intel64;C:\Program Files\Java\jre1.8.0_291\bin;C:\WINDOWS\system32;C:\WINDOWS;C:\WINDOWS\System32\Wbem;C:\WINDOWS\System32\WindowsPowerShell\v1.0\;C:\Program Files\nodejs\;C:\WINDOWS\System32\OpenSSH\;";C:\Program Files\Java\jdk1.8.0_321\\lib;C:\Program Files\SafeNet\Authentication\SAC\x64;C:\Program Files\SafeNet\Authentication\SAC\x32;C:\Program Files\TortoiseSVN\bin;C:\Program Files\Git\cmd;C:\Users\Fabio\AppData\Roaming\npm;C:\Users\Fabio\AppData\Local\Programs\Microsoft VS Code\bin;C:\Users\Fabio\AppData\Local\Microsoft\WindowsApps;C:\Users\Fabio\Documents\NetBeansProjects\maven\bin;
USERNAME=Fabio
OS=Windows_NT
PROCESSOR_IDENTIFIER=Intel64 Family 6 Model 37 Stepping 5, GenuineIntel



---------------  S Y S T E M  ---------------

OS: Windows 10 , 64 bit Build 19041 (10.0.19041.1645)

CPU:total 4 (initial active 4) (2 cores per cpu, 2 threads per core) family 6 model 37 stepping 5, cmov, cx8, fxsr, mmx, sse, sse2, sse3, ssse3, sse4.1, sse4.2, popcnt, ht, tsc, tscinvbit

Memory: 4k page, physical 3857264k(290244k free), swap 5905264k(3220k free)

vm_info: Java HotSpot(TM) 64-Bit Server VM (25.321-b07) for windows-amd64 JRE (1.8.0_321-b07), built on Dec 15 2021 11:19:20 by "java_re" with MS VC++ 15.9 (VS2017)

time: Wed May  4 09:45:51 2022
timezone: Hora oficial do Brasil
elapsed time: 100.311089 seconds (0d 0h 1m 40s)

