#
# There is insufficient memory for the Java Runtime Environment to continue.
# Native memory allocation (malloc) failed to allocate 1048576 bytes for AllocateHeap
# Possible reasons:
#   The system is out of physical RAM or swap space
#   The process is running with CompressedOops enabled, and the Java Heap may be blocking the growth of the native heap
# Possible solutions:
#   Reduce memory load on the system
#   Increase physical memory or swap space
#   Check if swap backing store is full
#   Decrease Java heap size (-Xmx/-Xms)
#   Decrease number of Java threads
#   Decrease Java thread stack sizes (-Xss)
#   Set larger code cache with -XX:ReservedCodeCacheSize=
#   JVM is running with Unscaled Compressed Oops mode in which the Java heap is
#     placed in the first 4GB address space. The Java Heap base address is the
#     maximum limit for the native heap growth. Please use -XX:HeapBaseMinAddress
#     to set the Java Heap base and to place the Java Heap above 4GB virtual address.
# This output file may be truncated or incomplete.
#
#  Out of Memory Error (memory/allocation.inline.hpp:61), pid=9924, tid=0x0000000000001a64
#
# JRE version:  (8.0_321-b07) (build )
# Java VM: Java HotSpot(TM) 64-Bit Server VM (25.321-b07 mixed mode windows-amd64 compressed oops)
# Failed to write core dump. Minidumps are not enabled by default on client versions of Windows
#

---------------  T H R E A D  ---------------

Current thread (0x000001b9fad29000):  JavaThread "Unknown thread" [_thread_in_vm, id=6756, stack(0x0000003dd7200000,0x0000003dd7300000)]

Stack: [0x0000003dd7200000,0x0000003dd7300000]
Native frames: (J=compiled Java code, j=interpreted, Vv=VM code, C=native code)
V  [jvm.dll+0x32fc49]
V  [jvm.dll+0x2761a2]
V  [jvm.dll+0x276e4d]
V  [jvm.dll+0x26d7f5]
V  [jvm.dll+0x509d]
V  [jvm.dll+0x3cafcc]
V  [jvm.dll+0x3c7337]
V  [jvm.dll+0xfd2ff]
V  [jvm.dll+0x20a8eb]
V  [jvm.dll+0x239417]
V  [jvm.dll+0x162e26]
C  [java.exe+0x2312]
C  [java.exe+0x15f54]
C  [KERNEL32.DLL+0x17034]
C  [ntdll.dll+0x52651]


---------------  P R O C E S S  ---------------

Java Threads: ( => current thread )

Other Threads:

=>0x000001b9fad29000 (exited) JavaThread "Unknown thread" [_thread_in_vm, id=6756, stack(0x0000003dd7200000,0x0000003dd7300000)]

VM state:not at safepoint (normal execution)

VM Mutex/Monitor currently owned by a thread: None

heap address: 0x00000000c5200000, size: 942 MB, Compressed Oops mode: 32-bit
Narrow klass base: 0x0000000000000000, Narrow klass shift: 3
Compressed class space size: 1073741824 Address: 0x0000000100000000

Heap:
 PSYoungGen      total 17920K, used 307K [0x00000000ec600000, 0x00000000eda00000, 0x0000000100000000)
  eden space 15360K, 2% used [0x00000000ec600000,0x00000000ec64ccd8,0x00000000ed500000)
  from space 2560K, 0% used [0x00000000ed780000,0x00000000ed780000,0x00000000eda00000)
  to   space 2560K, 0% used [0x00000000ed500000,0x00000000ed500000,0x00000000ed780000)
 ParOldGen       total 40960K, used 0K [0x00000000c5200000, 0x00000000c7a00000, 0x00000000ec600000)
  object space 40960K, 0% used [0x00000000c5200000,0x00000000c5200000,0x00000000c7a00000)
 Metaspace       used 792K, capacity 1156K, committed 1408K, reserved 1060864K
  class space    used 76K, capacity 384K, committed 384K, reserved 1048576K

Card table byte_map: [0x000001b9fcb90000,0x000001b9fcd70000] byte_map_base: 0x000001b9fc567000

Marking Bits: (ParMarkBitMap*) 0x0000000063e39030
 Begin Bits: [0x000001b9fceb0000, 0x000001b9fdd68000)
 End Bits:   [0x000001b9fdd68000, 0x000001b9fec20000)

Polling page: 0x000001b9faf00000

CodeCache: size=245760Kb used=328Kb max_used=328Kb free=245431Kb
 bounds [0x000001b980000000, 0x000001b980270000, 0x000001b98f000000]
 total_blobs=57 nmethods=0 adapters=38
 compilation: enabled

Compilation events (0 events):
No events

GC Heap History (0 events):
No events

Deoptimization events (0 events):
No events

Classes redefined (0 events):
No events

Internal exceptions (0 events):
No events

Events (10 events):
Event: 0.034 loading class java/lang/Short
Event: 0.034 loading class java/lang/Short done
Event: 0.034 loading class java/lang/Integer
Event: 0.034 loading class java/lang/Integer done
Event: 0.034 loading class java/lang/Long
Event: 0.034 loading class java/lang/Long done
Event: 0.035 loading class java/lang/NullPointerException
Event: 0.035 loading class java/lang/NullPointerException done
Event: 0.035 loading class java/lang/ArithmeticException
Event: 0.035 loading class java/lang/ArithmeticException done


Dynamic libraries:
0x00007ff6dd240000 - 0x00007ff6dd287000 	C:\Program Files\Java\jdk1.8.0_321\jre\bin\java.exe
0x00007ff81d950000 - 0x00007ff81db45000 	C:\WINDOWS\SYSTEM32\ntdll.dll
0x00007fffef130000 - 0x00007fffef146000 	C:\Program Files\Avast Software\Avast\aswhook.dll
0x00007ff81c760000 - 0x00007ff81c81e000 	C:\WINDOWS\System32\KERNEL32.DLL
0x00007ff81b230000 - 0x00007ff81b4f8000 	C:\WINDOWS\System32\KERNELBASE.dll
0x00007ff81c580000 - 0x00007ff81c62e000 	C:\WINDOWS\System32\ADVAPI32.dll
0x00007ff81bb90000 - 0x00007ff81bc2e000 	C:\WINDOWS\System32\msvcrt.dll
0x00007ff81baf0000 - 0x00007ff81bb8c000 	C:\WINDOWS\System32\sechost.dll
0x00007ff81d010000 - 0x00007ff81d135000 	C:\WINDOWS\System32\RPCRT4.dll
0x00007ff81c1d0000 - 0x00007ff81c370000 	C:\WINDOWS\System32\USER32.dll
0x00007ff81b550000 - 0x00007ff81b572000 	C:\WINDOWS\System32\win32u.dll
0x00007ff81ca70000 - 0x00007ff81ca9a000 	C:\WINDOWS\System32\GDI32.dll
0x00007ff81b070000 - 0x00007ff81b17b000 	C:\WINDOWS\System32\gdi32full.dll
0x00007ff81b7a0000 - 0x00007ff81b83d000 	C:\WINDOWS\System32\msvcp_win.dll
0x00007ff81b840000 - 0x00007ff81b940000 	C:\WINDOWS\System32\ucrtbase.dll
0x00007ff802260000 - 0x00007ff8024fa000 	C:\WINDOWS\WinSxS\amd64_microsoft.windows.common-controls_6595b64144ccf1df_6.0.19041.1110_none_60b5254171f9507e\COMCTL32.dll
0x00007ff81bac0000 - 0x00007ff81baf0000 	C:\WINDOWS\System32\IMM32.DLL
0x00007ff813460000 - 0x00007ff813475000 	C:\Program Files\Java\jdk1.8.0_321\jre\bin\vcruntime140.dll
0x00007ffff5c90000 - 0x00007ffff5d2b000 	C:\Program Files\Java\jdk1.8.0_321\jre\bin\msvcp140.dll
0x0000000063650000 - 0x0000000063eb1000 	C:\Program Files\Java\jdk1.8.0_321\jre\bin\server\jvm.dll
0x00007ff81c820000 - 0x00007ff81c828000 	C:\WINDOWS\System32\PSAPI.DLL
0x00007ff814ad0000 - 0x00007ff814af7000 	C:\WINDOWS\SYSTEM32\WINMM.dll
0x00007ff814aa0000 - 0x00007ff814aaa000 	C:\WINDOWS\SYSTEM32\VERSION.dll
0x00007ff80ca60000 - 0x00007ff80ca69000 	C:\WINDOWS\SYSTEM32\WSOCK32.dll
0x00007ff81c9f0000 - 0x00007ff81ca5b000 	C:\WINDOWS\System32\WS2_32.dll
0x00007ff818f90000 - 0x00007ff818fa2000 	C:\WINDOWS\SYSTEM32\kernel.appcore.dll
0x00007ff813690000 - 0x00007ff8136a0000 	C:\Program Files\Java\jdk1.8.0_321\jre\bin\verify.dll
0x00007ff80f1a0000 - 0x00007ff80f1cb000 	C:\Program Files\Java\jdk1.8.0_321\jre\bin\java.dll
0x00007ff813440000 - 0x00007ff813458000 	C:\Program Files\Java\jdk1.8.0_321\jre\bin\zip.dll
0x00007ff812af0000 - 0x00007ff812cd4000 	C:\WINDOWS\SYSTEM32\dbghelp.dll
0x00007ff81b580000 - 0x00007ff81b602000 	C:\WINDOWS\System32\bcryptPrimitives.dll

VM Arguments:
jvm_args: -Dfile.encoding=UTF-8 
java_command: C:\Users\Fabio\Documents\NetBeansProjects\NOVAIDE\Unishop\dist\run2004803074\Unishop.jar
java_class_path (initial): C:\Users\Fabio\Documents\NetBeansProjects\NOVAIDE\Unishop\dist\run2004803074\Unishop.jar
Launcher Type: SUN_STANDARD

Environment Variables:
JAVA_HOME=C:\Program Files\Java\jdk1.8.0_321\
JRE_HOME=C:\Program Files\Java\jre1.8.0_321
CLASSPATH=;C:\Program Files\Java\jdk1.8.0_321\\lib;
PATH=C:\Program Files (x86)\Common Files\Oracle\Java\javapath;C:\Program Files (x86)\Common Files\Intel\Shared Files\cpp\bin\Intel64;C:\Program Files\Java\jre1.8.0_291\bin;C:\WINDOWS\system32;C:\WINDOWS;C:\WINDOWS\System32\Wbem;C:\WINDOWS\System32\WindowsPowerShell\v1.0\;C:\Program Files\nodejs\;C:\WINDOWS\System32\OpenSSH\;";C:\Program Files\Java\jdk1.8.0_321\\lib;C:\Program Files\SafeNet\Authentication\SAC\x64;C:\Program Files\SafeNet\Authentication\SAC\x32;C:\Program Files\TortoiseSVN\bin;C:\Program Files\Git\cmd;C:\Users\Fabio\AppData\Roaming\npm;C:\Users\Fabio\AppData\Local\Programs\Microsoft VS Code\bin;C:\Users\Fabio\AppData\Local\Microsoft\WindowsApps;C:\Users\Fabio\Documents\NetBeansProjects\maven\bin;
USERNAME=Fabio
OS=Windows_NT
PROCESSOR_IDENTIFIER=Intel64 Family 6 Model 37 Stepping 5, GenuineIntel



---------------  S Y S T E M  ---------------

OS: Windows 10 , 64 bit Build 19041 (10.0.19041.1645)

CPU:total 4 (initial active 4) (2 cores per cpu, 2 threads per core) family 6 model 37 stepping 5, cmov, cx8, fxsr, mmx, sse, sse2, sse3, ssse3, sse4.1, sse4.2, popcnt, ht, tsc, tscinvbit

Memory: 4k page, physical 3857264k(337960k free), swap 5905264k(6220k free)

vm_info: Java HotSpot(TM) 64-Bit Server VM (25.321-b07) for windows-amd64 JRE (1.8.0_321-b07), built on Dec 15 2021 11:19:20 by "java_re" with MS VC++ 15.9 (VS2017)

time: Mon May  9 11:59:41 2022
timezone: Hora oficial do Brasil
elapsed time: 0.496138 seconds (0d 0h 0m 0s)

