#
# There is insufficient memory for the Java Runtime Environment to continue.
# Native memory allocation (malloc) failed to allocate 195008 bytes for Chunk::new
# Possible reasons:
#   The system is out of physical RAM or swap space
#   The process is running with CompressedOops enabled, and the Java Heap may be blocking the growth of the native heap
# Possible solutions:
#   Reduce memory load on the system
#   Increase physical memory or swap space
#   Check if swap backing store is full
#   Decrease Java heap size (-Xmx/-Xms)
#   Decrease number of Java threads
#   Decrease Java thread stack sizes (-Xss)
#   Set larger code cache with -XX:ReservedCodeCacheSize=
#   JVM is running with Unscaled Compressed Oops mode in which the Java heap is
#     placed in the first 4GB address space. The Java Heap base address is the
#     maximum limit for the native heap growth. Please use -XX:HeapBaseMinAddress
#     to set the Java Heap base and to place the Java Heap above 4GB virtual address.
# This output file may be truncated or incomplete.
#
#  Out of Memory Error (allocation.cpp:389), pid=10792, tid=0x0000000000002794
#
# JRE version: Java(TM) SE Runtime Environment (8.0_321-b07) (build 1.8.0_321-b07)
# Java VM: Java HotSpot(TM) 64-Bit Server VM (25.321-b07 mixed mode windows-amd64 compressed oops)
# Failed to write core dump. Minidumps are not enabled by default on client versions of Windows
#

---------------  T H R E A D  ---------------

Current thread (0x0000015a3b206000):  JavaThread "C2 CompilerThread1" daemon [_thread_in_native, id=10132, stack(0x000000232f600000,0x000000232f700000)]

Stack: [0x000000232f600000,0x000000232f700000]
Native frames: (J=compiled Java code, j=interpreted, Vv=VM code, C=native code)
V  [jvm.dll+0x32fc49]


Current CompileTask:
C2:  54479 5655   !   4       com.mysql.jdbc.ConnectionImpl::buildCollationMapping (754 bytes)


---------------  P R O C E S S  ---------------

Java Threads: ( => current thread )
  0x0000015a3f8c9000 JavaThread "TimerQueue" daemon [_thread_blocked, id=12100, stack(0x0000002330a00000,0x0000002330b00000)]
  0x0000015a3f8c8800 JavaThread "AWT-EventQueue-0" [_thread_blocked, id=7840, stack(0x0000002330900000,0x0000002330a00000)]
  0x0000015a3f8c4800 JavaThread "AWT-Windows" daemon [_thread_in_native, id=4100, stack(0x0000002330800000,0x0000002330900000)]
  0x0000015a3f8cb800 JavaThread "AWT-Shutdown" [_thread_blocked, id=12900, stack(0x0000002330700000,0x0000002330800000)]
  0x0000015a3f8c7000 JavaThread "Java2D Disposer" daemon [_thread_blocked, id=11736, stack(0x0000002330500000,0x0000002330600000)]
  0x0000015a4010c800 JavaThread "Prism Font Disposer" daemon [_thread_blocked, id=8532, stack(0x0000002330400000,0x0000002330500000)]
  0x0000015a3f851000 JavaThread "Abandoned connection cleanup thread" daemon [_thread_blocked, id=6612, stack(0x0000002330000000,0x0000002330100000)]
  0x0000015a3f3ce000 JavaThread "JavaFX-Launcher" [_thread_blocked, id=7524, stack(0x000000232ff00000,0x0000002330000000)]
  0x0000015a3c1e4800 JavaThread "Thread-2" daemon [_thread_in_native, id=11660, stack(0x000000232fe00000,0x000000232ff00000)]
  0x0000015a3c168800 JavaThread "JavaFX Application Thread" [_thread_in_native, id=3736, stack(0x000000232fc00000,0x000000232fd00000)]
  0x0000015a3c160800 JavaThread "Thread-1" daemon [_thread_blocked, id=8408, stack(0x000000232fb00000,0x000000232fc00000)]
  0x0000015a3c118000 JavaThread "QuantumRenderer-0" daemon [_thread_blocked, id=2440, stack(0x000000232fa00000,0x000000232fb00000)]
  0x0000015a3b289800 JavaThread "Service Thread" daemon [_thread_blocked, id=9892, stack(0x000000232f800000,0x000000232f900000)]
  0x0000015a3b211000 JavaThread "C1 CompilerThread2" daemon [_thread_blocked, id=7644, stack(0x000000232f700000,0x000000232f800000)]
=>0x0000015a3b206000 JavaThread "C2 CompilerThread1" daemon [_thread_in_native, id=10132, stack(0x000000232f600000,0x000000232f700000)]
  0x0000015a3b203000 JavaThread "C2 CompilerThread0" daemon [_thread_blocked, id=12488, stack(0x000000232f500000,0x000000232f600000)]
  0x0000015a3b1ff000 JavaThread "Attach Listener" daemon [_thread_blocked, id=1572, stack(0x000000232f400000,0x000000232f500000)]
  0x0000015a3b1fd800 JavaThread "Signal Dispatcher" daemon [_thread_blocked, id=5936, stack(0x000000232f300000,0x000000232f400000)]
  0x0000015a3aaab000 JavaThread "Finalizer" daemon [_thread_blocked, id=6576, stack(0x000000232f200000,0x000000232f300000)]
  0x0000015a3b1d6000 JavaThread "Reference Handler" daemon [_thread_blocked, id=10516, stack(0x000000232f100000,0x000000232f200000)]
  0x0000015a272d8800 JavaThread "main" [_thread_blocked, id=6128, stack(0x000000232eb00000,0x000000232ec00000)]

Other Threads:
  0x0000015a3b1b2800 VMThread [stack: 0x000000232f000000,0x000000232f100000] [id=8816]
  0x0000015a3b2a7800 WatcherThread [stack: 0x000000232f900000,0x000000232fa00000] [id=9592]

VM state:not at safepoint (normal execution)

VM Mutex/Monitor currently owned by a thread: None

heap address: 0x00000000c5200000, size: 942 MB, Compressed Oops mode: 32-bit
Narrow klass base: 0x0000000000000000, Narrow klass shift: 3
Compressed class space size: 1073741824 Address: 0x0000000100000000

Heap:
 PSYoungGen      total 93696K, used 8968K [0x00000000ec600000, 0x00000000f3e80000, 0x0000000100000000)
  eden space 72704K, 12% used [0x00000000ec600000,0x00000000ecec2208,0x00000000f0d00000)
  from space 20992K, 0% used [0x00000000f2500000,0x00000000f2500000,0x00000000f3980000)
  to   space 24576K, 0% used [0x00000000f0d00000,0x00000000f0d00000,0x00000000f2500000)
 ParOldGen       total 36864K, used 27290K [0x00000000c5200000, 0x00000000c7600000, 0x00000000ec600000)
  object space 36864K, 74% used [0x00000000c5200000,0x00000000c6ca68f0,0x00000000c7600000)
 Metaspace       used 37858K, capacity 39798K, committed 40064K, reserved 1083392K
  class space    used 5004K, capacity 5456K, committed 5504K, reserved 1048576K

Card table byte_map: [0x0000015a37f20000,0x0000015a38100000] byte_map_base: 0x0000015a378f7000

Marking Bits: (ParMarkBitMap*) 0x000000006f8a9030
 Begin Bits: [0x0000015a38240000, 0x0000015a390f8000)
 End Bits:   [0x0000015a390f8000, 0x0000015a39fb0000)

Polling page: 0x0000015a27290000

CodeCache: size=245760Kb used=16943Kb max_used=17594Kb free=228816Kb
 bounds [0x0000015a28b60000, 0x0000015a29ca0000, 0x0000015a37b60000]
 total_blobs=5973 nmethods=5062 adapters=823
 compilation: enabled

Compilation events (10 events):
Event: 54.166 Thread 0x0000015a3b211000 nmethod 5716 0x0000015a29451090 code [0x0000015a294511e0, 0x0000015a294512f8]
Event: 54.184 Thread 0x0000015a3b203000 nmethod 5703 0x0000015a29438250 code [0x0000015a29438400, 0x0000015a29438c38]
Event: 54.184 Thread 0x0000015a3b203000 5713 %     4       com.sun.scenario.effect.impl.state.BoxRenderState::validateWeights @ 267 (477 bytes)
Event: 54.200 Thread 0x0000015a3b211000 5717       1       java.awt.Component::isVisible_NoClientCode (5 bytes)
Event: 54.200 Thread 0x0000015a3b211000 nmethod 5717 0x0000015a28c92bd0 code [0x0000015a28c92d20, 0x0000015a28c92e38]
Event: 54.234 Thread 0x0000015a3b203000 nmethod 5713% 0x0000015a29313bd0 code [0x0000015a29313d80, 0x0000015a29314798]
Event: 54.234 Thread 0x0000015a3b203000 5712       4       com.sun.prism.d3d.D3DRTTexture::getResourceHandle (17 bytes)
Event: 54.236 Thread 0x0000015a3b203000 nmethod 5712 0x0000015a28fd3090 code [0x0000015a28fd31e0, 0x0000015a28fd3298]
Event: 54.250 Thread 0x0000015a3b211000 5718       1       javax.swing.Timer::getLock (5 bytes)
Event: 54.250 Thread 0x0000015a3b211000 nmethod 5718 0x0000015a28cd2710 code [0x0000015a28cd2860, 0x0000015a28cd2978]

GC Heap History (10 events):
Event: 24.097 GC heap before
{Heap before GC invocations=8 (full 1):
 PSYoungGen      total 51712K, used 50881K [0x00000000ec600000, 0x00000000f0900000, 0x0000000100000000)
  eden space 40960K, 100% used [0x00000000ec600000,0x00000000eee00000,0x00000000eee00000)
  from space 10752K, 92% used [0x00000000efa00000,0x00000000f03b0670,0x00000000f0480000)
  to   space 12288K, 0% used [0x00000000eee00000,0x00000000eee00000,0x00000000efa00000)
 ParOldGen       total 36864K, used 16302K [0x00000000c5200000, 0x00000000c7600000, 0x00000000ec600000)
  object space 36864K, 44% used [0x00000000c5200000,0x00000000c61ebb10,0x00000000c7600000)
 Metaspace       used 26468K, capacity 27266K, committed 27520K, reserved 1073152K
  class space    used 3433K, capacity 3640K, committed 3712K, reserved 1048576K
Event: 24.151 GC heap after
Heap after GC invocations=8 (full 1):
 PSYoungGen      total 53248K, used 12274K [0x00000000ec600000, 0x00000000f1e00000, 0x0000000100000000)
  eden space 40960K, 0% used [0x00000000ec600000,0x00000000ec600000,0x00000000eee00000)
  from space 12288K, 99% used [0x00000000eee00000,0x00000000ef9fc8e0,0x00000000efa00000)
  to   space 14848K, 0% used [0x00000000f0f80000,0x00000000f0f80000,0x00000000f1e00000)
 ParOldGen       total 36864K, used 16918K [0x00000000c5200000, 0x00000000c7600000, 0x00000000ec600000)
  object space 36864K, 45% used [0x00000000c5200000,0x00000000c6285b10,0x00000000c7600000)
 Metaspace       used 26468K, capacity 27266K, committed 27520K, reserved 1073152K
  class space    used 3433K, capacity 3640K, committed 3712K, reserved 1048576K
}
Event: 27.244 GC heap before
{Heap before GC invocations=9 (full 1):
 PSYoungGen      total 53248K, used 53234K [0x00000000ec600000, 0x00000000f1e00000, 0x0000000100000000)
  eden space 40960K, 100% used [0x00000000ec600000,0x00000000eee00000,0x00000000eee00000)
  from space 12288K, 99% used [0x00000000eee00000,0x00000000ef9fc8e0,0x00000000efa00000)
  to   space 14848K, 0% used [0x00000000f0f80000,0x00000000f0f80000,0x00000000f1e00000)
 ParOldGen       total 36864K, used 16918K [0x00000000c5200000, 0x00000000c7600000, 0x00000000ec600000)
  object space 36864K, 45% used [0x00000000c5200000,0x00000000c6285b10,0x00000000c7600000)
 Metaspace       used 27685K, capacity 28598K, committed 28672K, reserved 1075200K
  class space    used 3552K, capacity 3786K, committed 3840K, reserved 1048576K
Event: 27.301 GC heap after
Heap after GC invocations=9 (full 1):
 PSYoungGen      total 73216K, used 14777K [0x00000000ec600000, 0x00000000f2200000, 0x0000000100000000)
  eden space 58368K, 0% used [0x00000000ec600000,0x00000000ec600000,0x00000000eff00000)
  from space 14848K, 99% used [0x00000000f0f80000,0x00000000f1dee440,0x00000000f1e00000)
  to   space 16896K, 0% used [0x00000000eff00000,0x00000000eff00000,0x00000000f0f80000)
 ParOldGen       total 36864K, used 16926K [0x00000000c5200000, 0x00000000c7600000, 0x00000000ec600000)
  object space 36864K, 45% used [0x00000000c5200000,0x00000000c6287b10,0x00000000c7600000)
 Metaspace       used 27685K, capacity 28598K, committed 28672K, reserved 1075200K
  class space    used 3552K, capacity 3786K, committed 3840K, reserved 1048576K
}
Event: 31.152 GC heap before
{Heap before GC invocations=10 (full 1):
 PSYoungGen      total 73216K, used 73145K [0x00000000ec600000, 0x00000000f2200000, 0x0000000100000000)
  eden space 58368K, 100% used [0x00000000ec600000,0x00000000eff00000,0x00000000eff00000)
  from space 14848K, 99% used [0x00000000f0f80000,0x00000000f1dee440,0x00000000f1e00000)
  to   space 16896K, 0% used [0x00000000eff00000,0x00000000eff00000,0x00000000f0f80000)
 ParOldGen       total 36864K, used 16926K [0x00000000c5200000, 0x00000000c7600000, 0x00000000ec600000)
  object space 36864K, 45% used [0x00000000c5200000,0x00000000c6287b50,0x00000000c7600000)
 Metaspace       used 28080K, capacity 29052K, committed 29184K, reserved 1075200K
  class space    used 3558K, capacity 3787K, committed 3840K, reserved 1048576K
Event: 31.241 GC heap after
Heap after GC invocations=10 (full 1):
 PSYoungGen      total 75264K, used 16874K [0x00000000ec600000, 0x00000000f3980000, 0x0000000100000000)
  eden space 58368K, 0% used [0x00000000ec600000,0x00000000ec600000,0x00000000eff00000)
  from space 16896K, 99% used [0x00000000eff00000,0x00000000f0f7a930,0x00000000f0f80000)
  to   space 20992K, 0% used [0x00000000f2500000,0x00000000f2500000,0x00000000f3980000)
 ParOldGen       total 36864K, used 20806K [0x00000000c5200000, 0x00000000c7600000, 0x00000000ec600000)
  object space 36864K, 56% used [0x00000000c5200000,0x00000000c6651b50,0x00000000c7600000)
 Metaspace       used 28080K, capacity 29052K, committed 29184K, reserved 1075200K
  class space    used 3558K, capacity 3787K, committed 3840K, reserved 1048576K
}
Event: 44.574 GC heap before
{Heap before GC invocations=11 (full 1):
 PSYoungGen      total 75264K, used 64667K [0x00000000ec600000, 0x00000000f3980000, 0x0000000100000000)
  eden space 58368K, 81% used [0x00000000ec600000,0x00000000ef4ac328,0x00000000eff00000)
  from space 16896K, 99% used [0x00000000eff00000,0x00000000f0f7a930,0x00000000f0f80000)
  to   space 20992K, 0% used [0x00000000f2500000,0x00000000f2500000,0x00000000f3980000)
 ParOldGen       total 36864K, used 20806K [0x00000000c5200000, 0x00000000c7600000, 0x00000000ec600000)
  object space 36864K, 56% used [0x00000000c5200000,0x00000000c6651b50,0x00000000c7600000)
 Metaspace       used 33521K, capacity 35340K, committed 35416K, reserved 1079296K
  class space    used 4414K, capacity 4843K, committed 4864K, reserved 1048576K
Event: 44.621 GC heap after
Heap after GC invocations=11 (full 1):
 PSYoungGen      total 93696K, used 20981K [0x00000000ec600000, 0x00000000f3e80000, 0x0000000100000000)
  eden space 72704K, 0% used [0x00000000ec600000,0x00000000ec600000,0x00000000f0d00000)
  from space 20992K, 99% used [0x00000000f2500000,0x00000000f397d4b8,0x00000000f3980000)
  to   space 24576K, 0% used [0x00000000f0d00000,0x00000000f0d00000,0x00000000f2500000)
 ParOldGen       total 36864K, used 21774K [0x00000000c5200000, 0x00000000c7600000, 0x00000000ec600000)
  object space 36864K, 59% used [0x00000000c5200000,0x00000000c6743b50,0x00000000c7600000)
 Metaspace       used 33521K, capacity 35340K, committed 35416K, reserved 1079296K
  class space    used 4414K, capacity 4843K, committed 4864K, reserved 1048576K
}
Event: 44.621 GC heap before
{Heap before GC invocations=12 (full 2):
 PSYoungGen      total 93696K, used 20981K [0x00000000ec600000, 0x00000000f3e80000, 0x0000000100000000)
  eden space 72704K, 0% used [0x00000000ec600000,0x00000000ec600000,0x00000000f0d00000)
  from space 20992K, 99% used [0x00000000f2500000,0x00000000f397d4b8,0x00000000f3980000)
  to   space 24576K, 0% used [0x00000000f0d00000,0x00000000f0d00000,0x00000000f2500000)
 ParOldGen       total 36864K, used 21774K [0x00000000c5200000, 0x00000000c7600000, 0x00000000ec600000)
  object space 36864K, 59% used [0x00000000c5200000,0x00000000c6743b50,0x00000000c7600000)
 Metaspace       used 33521K, capacity 35340K, committed 35416K, reserved 1079296K
  class space    used 4414K, capacity 4843K, committed 4864K, reserved 1048576K
Event: 44.920 GC heap after
Heap after GC invocations=12 (full 2):
 PSYoungGen      total 93696K, used 0K [0x00000000ec600000, 0x00000000f3e80000, 0x0000000100000000)
  eden space 72704K, 0% used [0x00000000ec600000,0x00000000ec600000,0x00000000f0d00000)
  from space 20992K, 0% used [0x00000000f2500000,0x00000000f2500000,0x00000000f3980000)
  to   space 24576K, 0% used [0x00000000f0d00000,0x00000000f0d00000,0x00000000f2500000)
 ParOldGen       total 36864K, used 27290K [0x00000000c5200000, 0x00000000c7600000, 0x00000000ec600000)
  object space 36864K, 74% used [0x00000000c5200000,0x00000000c6ca68f0,0x00000000c7600000)
 Metaspace       used 33517K, capacity 35334K, committed 35416K, reserved 1079296K
  class space    used 4413K, capacity 4842K, committed 4864K, reserved 1048576K
}

Deoptimization events (10 events):
Event: 51.446 Thread 0x0000015a3c168800 Uncommon trap: reason=unstable_if action=reinterpret pc=0x0000015a29632e54 method=java.net.URI$Parser.scan(IIJJ)I @ 39
Event: 51.529 Thread 0x0000015a3c118000 Uncommon trap: reason=class_check action=maybe_recompile pc=0x0000015a29794458 method=com.sun.javafx.font.CompositeStrike.getStrikeSlot(I)Lcom/sun/javafx/font/FontStrike; @ 16
Event: 51.535 Thread 0x0000015a3c118000 Uncommon trap: reason=class_check action=maybe_recompile pc=0x0000015a29794458 method=com.sun.javafx.font.CompositeStrike.getStrikeSlot(I)Lcom/sun/javafx/font/FontStrike; @ 16
Event: 51.548 Thread 0x0000015a3c118000 Uncommon trap: reason=bimorphic action=maybe_recompile pc=0x0000015a29a86378 method=java.util.WeakHashMap.eq(Ljava/lang/Object;Ljava/lang/Object;)Z @ 7
Event: 52.585 Thread 0x0000015a3c118000 Uncommon trap: reason=bimorphic action=maybe_recompile pc=0x0000015a29a86378 method=java.util.WeakHashMap.eq(Ljava/lang/Object;Ljava/lang/Object;)Z @ 7
Event: 53.209 Thread 0x0000015a3c168800 Uncommon trap: reason=class_check action=maybe_recompile pc=0x0000015a28d00568 method=java.util.Hashtable.put(Ljava/lang/Object;Ljava/lang/Object;)Ljava/lang/Object; @ 60
Event: 53.209 Thread 0x0000015a3c168800 Uncommon trap: reason=class_check action=maybe_recompile pc=0x0000015a28d00568 method=java.util.Hashtable.put(Ljava/lang/Object;Ljava/lang/Object;)Ljava/lang/Object; @ 60
Event: 53.209 Thread 0x0000015a3c168800 Uncommon trap: reason=class_check action=maybe_recompile pc=0x0000015a28d00568 method=java.util.Hashtable.put(Ljava/lang/Object;Ljava/lang/Object;)Ljava/lang/Object; @ 60
Event: 53.209 Thread 0x0000015a3c168800 Uncommon trap: reason=class_check action=maybe_recompile pc=0x0000015a28d00568 method=java.util.Hashtable.put(Ljava/lang/Object;Ljava/lang/Object;)Ljava/lang/Object; @ 60
Event: 53.465 Thread 0x0000015a3c168800 Uncommon trap: reason=unstable_if action=reinterpret pc=0x0000015a296a97f0 method=java.lang.reflect.Constructor.newInstance([Ljava/lang/Object;)Ljava/lang/Object; @ 18

Classes redefined (0 events):
No events

Internal exceptions (10 events):
Event: 5.816 Thread 0x0000015a3c168800 Implicit null exception at 0x0000015a28dab8d6 to 0x0000015a28dabc71
Event: 7.875 Thread 0x0000015a3c168800 Exception <a 'java/io/FileNotFoundException'> (0x00000000ec980e48) thrown at [C:\jenkins\workspace\8-2-build-windows-amd64-cygwin\jdk8u321\2141\hotspot\src\share\vm\prims\jni.cpp, line 710]
Event: 7.909 Thread 0x0000015a3c168800 Exception <a 'java/io/FileNotFoundException'> (0x00000000ec998910) thrown at [C:\jenkins\workspace\8-2-build-windows-amd64-cygwin\jdk8u321\2141\hotspot\src\share\vm\prims\jni.cpp, line 710]
Event: 8.166 Thread 0x0000015a3c168800 Implicit null exception at 0x0000015a28f6bab5 to 0x0000015a28f6bcd1
Event: 8.175 Thread 0x0000015a3c168800 Implicit null exception at 0x0000015a28e56d2f to 0x0000015a28e56d99
Event: 18.767 Thread 0x0000015a403e8000 Implicit null exception at 0x0000015a28fd7501 to 0x0000015a28fd9955
Event: 41.067 Thread 0x0000015a3c168800 Implicit null exception at 0x0000015a29982820 to 0x0000015a299832ed
Event: 41.880 Thread 0x0000015a3c168800 Implicit null exception at 0x0000015a295eca93 to 0x0000015a295ecfa5
Event: 42.063 Thread 0x0000015a3c168800 Implicit null exception at 0x0000015a29b30140 to 0x0000015a29b30cb9
Event: 53.101 Thread 0x0000015a3c168800 Exception <a 'java/io/FileNotFoundException'> (0x00000000eca6c190) thrown at [C:\jenkins\workspace\8-2-build-windows-amd64-cygwin\jdk8u321\2141\hotspot\src\share\vm\prims\jni.cpp, line 710]

Events (10 events):
Event: 54.138 Thread 0x0000015a3b211000 flushing nmethod 0x0000015a2932ea10
Event: 54.138 Thread 0x0000015a3b211000 flushing nmethod 0x0000015a29333e50
Event: 54.141 Thread 0x0000015a3b211000 flushing nmethod 0x0000015a29438250
Event: 54.141 Thread 0x0000015a3b211000 flushing nmethod 0x0000015a294c51d0
Event: 54.143 Thread 0x0000015a3b211000 flushing nmethod 0x0000015a29532450
Event: 54.146 Thread 0x0000015a3b211000 flushing nmethod 0x0000015a296c3090
Event: 54.147 Thread 0x0000015a3b211000 flushing nmethod 0x0000015a297b31d0
Event: 54.148 Thread 0x0000015a3b211000 flushing nmethod 0x0000015a29834750
Event: 54.148 Thread 0x0000015a3b211000 flushing nmethod 0x0000015a298669d0
Event: 54.148 Thread 0x0000015a3b211000 flushing nmethod 0x0000015a298dc190


Dynamic libraries:
0x00007ff758ce0000 - 0x00007ff758d27000 	C:\Program Files\Java\jdk1.8.0_321\jre\bin\java.exe
0x00007ffb4d470000 - 0x00007ffb4d665000 	C:\WINDOWS\SYSTEM32\ntdll.dll
0x00007ffb4c4c0000 - 0x00007ffb4c57e000 	C:\WINDOWS\System32\KERNEL32.DLL
0x00007ffb4afa0000 - 0x00007ffb4b268000 	C:\WINDOWS\System32\KERNELBASE.dll
0x00007ffb4c6b0000 - 0x00007ffb4c75e000 	C:\WINDOWS\System32\ADVAPI32.dll
0x00007ffb4c310000 - 0x00007ffb4c3ae000 	C:\WINDOWS\System32\msvcrt.dll
0x00007ffb4d190000 - 0x00007ffb4d22c000 	C:\WINDOWS\System32\sechost.dll
0x00007ffb4c8d0000 - 0x00007ffb4c9f5000 	C:\WINDOWS\System32\RPCRT4.dll
0x00007ffb4d230000 - 0x00007ffb4d3d0000 	C:\WINDOWS\System32\USER32.dll
0x00007ffb4b450000 - 0x00007ffb4b472000 	C:\WINDOWS\System32\win32u.dll
0x00007ffb4c490000 - 0x00007ffb4c4bb000 	C:\WINDOWS\System32\GDI32.dll
0x00007ffb4aca0000 - 0x00007ffb4adab000 	C:\WINDOWS\System32\gdi32full.dll
0x00007ffb4ab90000 - 0x00007ffb4ac2d000 	C:\WINDOWS\System32\msvcp_win.dll
0x00007ffb4b320000 - 0x00007ffb4b420000 	C:\WINDOWS\System32\ucrtbase.dll
0x00007ffb34c50000 - 0x00007ffb34eea000 	C:\WINDOWS\WinSxS\amd64_microsoft.windows.common-controls_6595b64144ccf1df_6.0.19041.1110_none_60b5254171f9507e\COMCTL32.dll
0x00007ffb4d150000 - 0x00007ffb4d180000 	C:\WINDOWS\System32\IMM32.DLL
0x00007ffb45df0000 - 0x00007ffb45e05000 	C:\Program Files\Java\jdk1.8.0_321\jre\bin\vcruntime140.dll
0x00007ffb245c0000 - 0x00007ffb2465b000 	C:\Program Files\Java\jdk1.8.0_321\jre\bin\msvcp140.dll
0x000000006f0c0000 - 0x000000006f921000 	C:\Program Files\Java\jdk1.8.0_321\jre\bin\server\jvm.dll
0x00007ffb4c130000 - 0x00007ffb4c138000 	C:\WINDOWS\System32\PSAPI.DLL
0x00007ffb40660000 - 0x00007ffb40669000 	C:\WINDOWS\SYSTEM32\WSOCK32.dll
0x00007ffb44c00000 - 0x00007ffb44c0a000 	C:\WINDOWS\SYSTEM32\VERSION.dll
0x00007ffb44380000 - 0x00007ffb443a7000 	C:\WINDOWS\SYSTEM32\WINMM.dll
0x00007ffb4bca0000 - 0x00007ffb4bd0b000 	C:\WINDOWS\System32\WS2_32.dll
0x00007ffb48aa0000 - 0x00007ffb48ab2000 	C:\WINDOWS\SYSTEM32\kernel.appcore.dll
0x00007ffb464c0000 - 0x00007ffb464d0000 	C:\Program Files\Java\jdk1.8.0_321\jre\bin\verify.dll
0x00007ffb3ae30000 - 0x00007ffb3ae5b000 	C:\Program Files\Java\jdk1.8.0_321\jre\bin\java.dll
0x00007ffb45dd0000 - 0x00007ffb45de8000 	C:\Program Files\Java\jdk1.8.0_321\jre\bin\zip.dll
0x00007ffb4ca00000 - 0x00007ffb4d144000 	C:\WINDOWS\System32\SHELL32.dll
0x00007ffb48ca0000 - 0x00007ffb49434000 	C:\WINDOWS\SYSTEM32\windows.storage.dll
0x00007ffb4b4d0000 - 0x00007ffb4b824000 	C:\WINDOWS\System32\combase.dll
0x00007ffb4a5f0000 - 0x00007ffb4a61c000 	C:\WINDOWS\SYSTEM32\Wldp.dll
0x00007ffb4c820000 - 0x00007ffb4c8cd000 	C:\WINDOWS\System32\SHCORE.dll
0x00007ffb4c580000 - 0x00007ffb4c5d5000 	C:\WINDOWS\System32\shlwapi.dll
0x00007ffb4aad0000 - 0x00007ffb4aaef000 	C:\WINDOWS\SYSTEM32\profapi.dll
0x0000015a3c1f0000 - 0x0000015a3c1f3000 	C:\Program Files\Java\jdk1.8.0_321\jre\bin\api-ms-win-core-console-l1-1-0.dll
0x0000015a3c200000 - 0x0000015a3c203000 	C:\Program Files\Java\jdk1.8.0_321\jre\bin\api-ms-win-core-console-l1-2-0.dll
0x0000015a3c210000 - 0x0000015a3c213000 	C:\Program Files\Java\jdk1.8.0_321\jre\bin\api-ms-win-core-datetime-l1-1-0.dll
0x0000015a3c220000 - 0x0000015a3c223000 	C:\Program Files\Java\jdk1.8.0_321\jre\bin\api-ms-win-core-debug-l1-1-0.dll
0x0000015a3c230000 - 0x0000015a3c233000 	C:\Program Files\Java\jdk1.8.0_321\jre\bin\api-ms-win-core-errorhandling-l1-1-0.dll
0x0000015a3c240000 - 0x0000015a3c244000 	C:\Program Files\Java\jdk1.8.0_321\jre\bin\api-ms-win-core-file-l1-1-0.dll
0x0000015a3c250000 - 0x0000015a3c253000 	C:\Program Files\Java\jdk1.8.0_321\jre\bin\api-ms-win-core-file-l1-2-0.dll
0x0000015a3c260000 - 0x0000015a3c263000 	C:\Program Files\Java\jdk1.8.0_321\jre\bin\api-ms-win-core-file-l2-1-0.dll
0x0000015a3c270000 - 0x0000015a3c273000 	C:\Program Files\Java\jdk1.8.0_321\jre\bin\api-ms-win-core-handle-l1-1-0.dll
0x0000015a3c280000 - 0x0000015a3c283000 	C:\Program Files\Java\jdk1.8.0_321\jre\bin\api-ms-win-core-heap-l1-1-0.dll
0x0000015a3c290000 - 0x0000015a3c293000 	C:\Program Files\Java\jdk1.8.0_321\jre\bin\api-ms-win-core-interlocked-l1-1-0.dll
0x0000015a3c2a0000 - 0x0000015a3c2a3000 	C:\Program Files\Java\jdk1.8.0_321\jre\bin\api-ms-win-core-libraryloader-l1-1-0.dll
0x0000015a3c2b0000 - 0x0000015a3c2b3000 	C:\Program Files\Java\jdk1.8.0_321\jre\bin\api-ms-win-core-localization-l1-2-0.dll
0x0000015a3c2c0000 - 0x0000015a3c2c3000 	C:\Program Files\Java\jdk1.8.0_321\jre\bin\api-ms-win-core-memory-l1-1-0.dll
0x0000015a3c2d0000 - 0x0000015a3c2d3000 	C:\Program Files\Java\jdk1.8.0_321\jre\bin\api-ms-win-core-namedpipe-l1-1-0.dll
0x0000015a3c2e0000 - 0x0000015a3c2e3000 	C:\Program Files\Java\jdk1.8.0_321\jre\bin\api-ms-win-core-processenvironment-l1-1-0.dll
0x0000015a3c2f0000 - 0x0000015a3c2f3000 	C:\Program Files\Java\jdk1.8.0_321\jre\bin\api-ms-win-core-processthreads-l1-1-0.dll
0x0000015a3c300000 - 0x0000015a3c303000 	C:\Program Files\Java\jdk1.8.0_321\jre\bin\api-ms-win-core-processthreads-l1-1-1.dll
0x0000015a3c310000 - 0x0000015a3c313000 	C:\Program Files\Java\jdk1.8.0_321\jre\bin\api-ms-win-core-profile-l1-1-0.dll
0x0000015a3c320000 - 0x0000015a3c323000 	C:\Program Files\Java\jdk1.8.0_321\jre\bin\api-ms-win-core-rtlsupport-l1-1-0.dll
0x0000015a3c330000 - 0x0000015a3c333000 	C:\Program Files\Java\jdk1.8.0_321\jre\bin\api-ms-win-core-string-l1-1-0.dll
0x0000015a3c340000 - 0x0000015a3c343000 	C:\Program Files\Java\jdk1.8.0_321\jre\bin\api-ms-win-core-synch-l1-1-0.dll
0x0000015a3c350000 - 0x0000015a3c353000 	C:\Program Files\Java\jdk1.8.0_321\jre\bin\api-ms-win-core-synch-l1-2-0.dll
0x0000015a3c360000 - 0x0000015a3c363000 	C:\Program Files\Java\jdk1.8.0_321\jre\bin\api-ms-win-core-sysinfo-l1-1-0.dll
0x0000015a3c370000 - 0x0000015a3c373000 	C:\Program Files\Java\jdk1.8.0_321\jre\bin\api-ms-win-core-timezone-l1-1-0.dll
0x0000015a3c380000 - 0x0000015a3c383000 	C:\Program Files\Java\jdk1.8.0_321\jre\bin\api-ms-win-core-util-l1-1-0.dll
0x0000015a3c390000 - 0x0000015a3c393000 	C:\Program Files\Java\jdk1.8.0_321\jre\bin\api-ms-win-crt-conio-l1-1-0.dll
0x0000015a3c3a0000 - 0x0000015a3c3a4000 	C:\Program Files\Java\jdk1.8.0_321\jre\bin\api-ms-win-crt-convert-l1-1-0.dll
0x0000015a3c3b0000 - 0x0000015a3c3b3000 	C:\Program Files\Java\jdk1.8.0_321\jre\bin\api-ms-win-crt-environment-l1-1-0.dll
0x0000015a3c3c0000 - 0x0000015a3c3c3000 	C:\Program Files\Java\jdk1.8.0_321\jre\bin\api-ms-win-crt-filesystem-l1-1-0.dll
0x0000015a3c3d0000 - 0x0000015a3c3d3000 	C:\Program Files\Java\jdk1.8.0_321\jre\bin\api-ms-win-crt-heap-l1-1-0.dll
0x0000015a3c3e0000 - 0x0000015a3c3e3000 	C:\Program Files\Java\jdk1.8.0_321\jre\bin\api-ms-win-crt-locale-l1-1-0.dll
0x0000015a3c3f0000 - 0x0000015a3c3f5000 	C:\Program Files\Java\jdk1.8.0_321\jre\bin\api-ms-win-crt-math-l1-1-0.dll
0x0000015a3c400000 - 0x0000015a3c405000 	C:\Program Files\Java\jdk1.8.0_321\jre\bin\api-ms-win-crt-multibyte-l1-1-0.dll
0x0000015a3c410000 - 0x0000015a3c420000 	C:\Program Files\Java\jdk1.8.0_321\jre\bin\api-ms-win-crt-private-l1-1-0.dll
0x0000015a3c420000 - 0x0000015a3c423000 	C:\Program Files\Java\jdk1.8.0_321\jre\bin\api-ms-win-crt-process-l1-1-0.dll
0x0000015a3c430000 - 0x0000015a3c434000 	C:\Program Files\Java\jdk1.8.0_321\jre\bin\api-ms-win-crt-runtime-l1-1-0.dll
0x0000015a3c440000 - 0x0000015a3c444000 	C:\Program Files\Java\jdk1.8.0_321\jre\bin\api-ms-win-crt-stdio-l1-1-0.dll
0x0000015a3c450000 - 0x0000015a3c454000 	C:\Program Files\Java\jdk1.8.0_321\jre\bin\api-ms-win-crt-string-l1-1-0.dll
0x0000015a3c460000 - 0x0000015a3c463000 	C:\Program Files\Java\jdk1.8.0_321\jre\bin\api-ms-win-crt-time-l1-1-0.dll
0x0000015a3c470000 - 0x0000015a3c473000 	C:\Program Files\Java\jdk1.8.0_321\jre\bin\api-ms-win-crt-utility-l1-1-0.dll
0x00007ffb23380000 - 0x00007ffb2347a000 	C:\Program Files\Java\jdk1.8.0_321\jre\bin\ucrtbase.dll
0x00007ffb45e40000 - 0x00007ffb45e4c000 	C:\Program Files\Java\jdk1.8.0_321\jre\bin\vcruntime140_1.dll
0x00007ffb380d0000 - 0x00007ffb380f3000 	C:\Program Files\Java\jdk1.8.0_321\jre\bin\prism_d3d.dll
0x00007ffb1df00000 - 0x00007ffb1e0cf000 	C:\WINDOWS\system32\d3d9.dll
0x00007ffb488c0000 - 0x00007ffb488ef000 	C:\WINDOWS\SYSTEM32\dwmapi.dll
0x00007ffb485c0000 - 0x00007ffb4865e000 	C:\WINDOWS\system32\uxtheme.dll
0x0000000180000000 - 0x0000000180806000 	C:\WINDOWS\SYSTEM32\igdumd64.dll
0x00007ffb37d50000 - 0x00007ffb37d92000 	C:\Program Files\Java\jdk1.8.0_321\jre\bin\glass.dll
0x00007ffb4be90000 - 0x00007ffb4bf6b000 	C:\WINDOWS\System32\COMDLG32.dll
0x00007ffb4c000000 - 0x00007ffb4c12a000 	C:\WINDOWS\System32\ole32.dll
0x00007ffb4c5e0000 - 0x00007ffb4c6ad000 	C:\WINDOWS\System32\OLEAUT32.dll
0x00007ffb4bd10000 - 0x00007ffb4be26000 	C:\WINDOWS\System32\MSCTF.dll
0x00007ffb4adb0000 - 0x00007ffb4ae32000 	C:\WINDOWS\System32\bcryptPrimitives.dll
0x00007ffb43e50000 - 0x00007ffb43e6c000 	C:\Program Files\Java\jdk1.8.0_321\jre\bin\net.dll
0x00007ffb4a350000 - 0x00007ffb4a3ba000 	C:\WINDOWS\system32\mswsock.dll
0x00007ffb43790000 - 0x00007ffb437a3000 	C:\Program Files\Java\jdk1.8.0_321\jre\bin\nio.dll
0x00007ffb4a540000 - 0x00007ffb4a558000 	C:\WINDOWS\SYSTEM32\CRYPTSP.dll
0x00007ffb49c60000 - 0x00007ffb49c94000 	C:\WINDOWS\system32\rsaenh.dll
0x00007ffb4b420000 - 0x00007ffb4b447000 	C:\WINDOWS\System32\bcrypt.dll
0x00007ffb4aa90000 - 0x00007ffb4aabe000 	C:\WINDOWS\SYSTEM32\USERENV.dll
0x00007ffb4a560000 - 0x00007ffb4a56c000 	C:\WINDOWS\SYSTEM32\CRYPTBASE.dll
0x00007ffb49ff0000 - 0x00007ffb4a02b000 	C:\WINDOWS\SYSTEM32\IPHLPAPI.DLL
0x00007ffb4d180000 - 0x00007ffb4d188000 	C:\WINDOWS\System32\NSI.dll
0x00007ffb43450000 - 0x00007ffb43467000 	C:\WINDOWS\SYSTEM32\dhcpcsvc6.DLL
0x00007ffb43ff0000 - 0x00007ffb4400d000 	C:\WINDOWS\SYSTEM32\dhcpcsvc.DLL
0x00007ffb4a040000 - 0x00007ffb4a10a000 	C:\WINDOWS\SYSTEM32\DNSAPI.dll
0x00007ffb36460000 - 0x00007ffb364a4000 	C:\Users\Fabio\AppData\Local\Temp\jna-67633741\jna2025555608419548539.dll
0x00007ffb3a550000 - 0x00007ffb3a574000 	C:\Program Files\Java\jdk1.8.0_321\jre\bin\sunec.dll
0x00007ffb3ae10000 - 0x00007ffb3ae24000 	C:\Program Files\Java\jdk1.8.0_321\jre\bin\javafx_font.dll
0x00007ffb37da0000 - 0x00007ffb3801f000 	C:\WINDOWS\SYSTEM32\dwrite.dll
0x00007ffb19560000 - 0x00007ffb196f5000 	C:\Program Files\Java\jdk1.8.0_321\jre\bin\awt.dll
0x00007ffb48210000 - 0x00007ffb482a0000 	C:\WINDOWS\SYSTEM32\apphelp.dll
0x00007ffb41150000 - 0x00007ffb4115a000 	C:\Windows\System32\rasadhlp.dll
0x00007ffb411f0000 - 0x00007ffb4126f000 	C:\WINDOWS\System32\fwpuclnt.dll
0x00007ffb4c760000 - 0x00007ffb4c809000 	C:\WINDOWS\System32\clbcatq.dll
0x00007ffb483c0000 - 0x00007ffb48574000 	C:\WINDOWS\SYSTEM32\WindowsCodecs.dll
0x00007ffb3c160000 - 0x00007ffb3c19e000 	C:\WINDOWS\system32\dataexchange.dll
0x00007ffb47680000 - 0x00007ffb47865000 	C:\WINDOWS\system32\dcomp.dll
0x00007ffb461d0000 - 0x00007ffb46434000 	C:\WINDOWS\system32\d3d11.dll
0x00007ffb494a0000 - 0x00007ffb49593000 	C:\WINDOWS\system32\dxgi.dll
0x00007ffb42820000 - 0x00007ffb42a21000 	C:\WINDOWS\system32\twinapi.appcore.dll
0x00007ffb35b70000 - 0x00007ffb35ba4000 	C:\Program Files\Common Files\Microsoft Shared\Ink\rtscom.dll
0x00007ffb45a60000 - 0x00007ffb45b59000 	C:\WINDOWS\SYSTEM32\textinputframework.dll
0x00007ffb47c00000 - 0x00007ffb47f5e000 	C:\WINDOWS\System32\CoreUIComponents.dll
0x00007ffb47f60000 - 0x00007ffb48052000 	C:\WINDOWS\System32\CoreMessaging.dll
0x00007ffb49890000 - 0x00007ffb498c3000 	C:\WINDOWS\SYSTEM32\ntmarta.dll
0x00007ffb47250000 - 0x00007ffb473a4000 	C:\WINDOWS\SYSTEM32\wintypes.dll
0x00007ffb380b0000 - 0x00007ffb380c2000 	C:\Program Files\Java\jdk1.8.0_321\jre\bin\prism_common.dll
0x0000015a44650000 - 0x0000015a44d38000 	C:\WINDOWS\SYSTEM32\ACBrNFe64.dll
0x00007ffb4ae40000 - 0x00007ffb4af96000 	C:\WINDOWS\System32\crypt32.dll
0x00007ffb3d970000 - 0x00007ffb3de46000 	C:\WINDOWS\SYSTEM32\wininet.dll
0x00007ffb21ff0000 - 0x00007ffb22041000 	C:\WINDOWS\SYSTEM32\cryptui.dll

VM Arguments:
jvm_args: -Dfile.encoding=UTF-8 
java_command: C:\Users\Fabio\Documents\NetBeansProjects\NOVAIDE\Unishop\dist\run673245481\Unishop.jar
java_class_path (initial): C:\Users\Fabio\Documents\NetBeansProjects\NOVAIDE\Unishop\dist\run673245481\Unishop.jar
Launcher Type: SUN_STANDARD

Environment Variables:
JAVA_HOME=C:\Program Files\Java\jdk1.8.0_321\
JRE_HOME=C:\Program Files\Java\jre1.8.0_321
CLASSPATH=;C:\Program Files\Java\jdk1.8.0_321\\lib;
PATH=C:\Program Files (x86)\Common Files\Oracle\Java\javapath;C:\Program Files (x86)\Common Files\Intel\Shared Files\cpp\bin\Intel64;C:\Program Files\Java\jre1.8.0_291\bin;C:\WINDOWS\system32;C:\WINDOWS;C:\WINDOWS\System32\Wbem;C:\WINDOWS\System32\WindowsPowerShell\v1.0\;C:\Program Files\nodejs\;C:\WINDOWS\System32\OpenSSH\;";C:\Program Files\Java\jdk1.8.0_321\\lib;C:\Program Files\SafeNet\Authentication\SAC\x64;C:\Program Files\SafeNet\Authentication\SAC\x32;C:\Program Files\TortoiseSVN\bin;C:\Program Files\Git\cmd;C:\Users\Fabio\AppData\Roaming\npm;C:\Users\Fabio\AppData\Local\Programs\Microsoft VS Code\bin;C:\Users\Fabio\AppData\Local\Microsoft\WindowsApps;C:\Users\Fabio\Documents\NetBeansProjects\maven\bin;
USERNAME=Fabio
OS=Windows_NT
PROCESSOR_IDENTIFIER=Intel64 Family 6 Model 37 Stepping 5, GenuineIntel



---------------  S Y S T E M  ---------------

OS: Windows 10 , 64 bit Build 19041 (10.0.19041.1566)

CPU:total 4 (initial active 4) (2 cores per cpu, 2 threads per core) family 6 model 37 stepping 5, cmov, cx8, fxsr, mmx, sse, sse2, sse3, ssse3, sse4.1, sse4.2, popcnt, ht, tsc, tscinvbit

Memory: 4k page, physical 3857264k(302128k free), swap 5905264k(4200k free)

vm_info: Java HotSpot(TM) 64-Bit Server VM (25.321-b07) for windows-amd64 JRE (1.8.0_321-b07), built on Dec 15 2021 11:19:20 by "java_re" with MS VC++ 15.9 (VS2017)

time: Sat Mar 19 08:50:32 2022
timezone: Hora oficial do Brasil
elapsed time: 54.521393 seconds (0d 0h 0m 54s)

