#
# There is insufficient memory for the Java Runtime Environment to continue.
# Native memory allocation (malloc) failed to allocate 634896 bytes for Chunk::new
# Possible reasons:
#   The system is out of physical RAM or swap space
#   The process is running with CompressedOops enabled, and the Java Heap may be blocking the growth of the native heap
# Possible solutions:
#   Reduce memory load on the system
#   Increase physical memory or swap space
#   Check if swap backing store is full
#   Decrease Java heap size (-Xmx/-Xms)
#   Decrease number of Java threads
#   Decrease Java thread stack sizes (-Xss)
#   Set larger code cache with -XX:ReservedCodeCacheSize=
#   JVM is running with Unscaled Compressed Oops mode in which the Java heap is
#     placed in the first 4GB address space. The Java Heap base address is the
#     maximum limit for the native heap growth. Please use -XX:HeapBaseMinAddress
#     to set the Java Heap base and to place the Java Heap above 4GB virtual address.
# This output file may be truncated or incomplete.
#
#  Out of Memory Error (allocation.cpp:389), pid=1600, tid=0x0000000000002200
#
# JRE version: Java(TM) SE Runtime Environment (8.0_321-b07) (build 1.8.0_321-b07)
# Java VM: Java HotSpot(TM) 64-Bit Server VM (25.321-b07 mixed mode windows-amd64 compressed oops)
# Failed to write core dump. Minidumps are not enabled by default on client versions of Windows
#

---------------  T H R E A D  ---------------

Current thread (0x000001d4745ca800):  JavaThread "C2 CompilerThread1" daemon [_thread_in_native, id=8704, stack(0x0000007287e00000,0x0000007287f00000)]

Stack: [0x0000007287e00000,0x0000007287f00000]
Native frames: (J=compiled Java code, j=interpreted, Vv=VM code, C=native code)
V  [jvm.dll+0x32fc49]
V  [jvm.dll+0x2761a2]
V  [jvm.dll+0x276e4d]
V  [jvm.dll+0x26d7f5]
V  [jvm.dll+0xd5a0c]
V  [jvm.dll+0xd620c]
V  [jvm.dll+0x4716a3]
V  [jvm.dll+0x438d60]
V  [jvm.dll+0x441d65]
V  [jvm.dll+0x441125]
V  [jvm.dll+0x42becb]
V  [jvm.dll+0xac68b]
V  [jvm.dll+0xaaceb]
V  [jvm.dll+0x23e6f2]
V  [jvm.dll+0x292edc]
C  [ucrtbase.dll+0x21bb2]
C  [KERNEL32.DLL+0x17034]
C  [ntdll.dll+0x52651]


Current CompileTask:
C2: 115834 6509   !   4       sun.font.TrueTypeFont::getTableBuffer (215 bytes)


---------------  P R O C E S S  ---------------

Java Threads: ( => current thread )
  0x000001d4003bb800 JavaThread "Java2D Disposer" daemon [_thread_blocked, id=9992, stack(0x0000007289200000,0x0000007289300000)]
  0x000001d4003b8800 JavaThread "Thread-8" [_thread_in_vm, id=11500, stack(0x0000007289100000,0x0000007289200000)]
  0x000001d478d2b000 JavaThread "Prism Font Disposer" daemon [_thread_blocked, id=14524, stack(0x0000007288c00000,0x0000007288d00000)]
  0x000001d478bc6800 JavaThread "Abandoned connection cleanup thread" daemon [_thread_blocked, id=8456, stack(0x0000007288800000,0x0000007288900000)]
  0x000001d476224800 JavaThread "JavaFX-Launcher" [_thread_blocked, id=5456, stack(0x0000007288700000,0x0000007288800000)]
  0x000001d476009800 JavaThread "Thread-2" daemon [_thread_in_native, id=11404, stack(0x0000007288600000,0x0000007288700000)]
  0x000001d475a91800 JavaThread "JavaFX Application Thread" [_thread_blocked, id=1104, stack(0x0000007288400000,0x0000007288500000)]
  0x000001d475a77800 JavaThread "Thread-1" daemon [_thread_blocked, id=15344, stack(0x0000007288300000,0x0000007288400000)]
  0x000001d475a2e800 JavaThread "QuantumRenderer-0" daemon [_thread_in_native, id=5752, stack(0x0000007288200000,0x0000007288300000)]
  0x000001d47464d000 JavaThread "Service Thread" daemon [_thread_blocked, id=12752, stack(0x0000007288000000,0x0000007288100000)]
  0x000001d4745c5000 JavaThread "C1 CompilerThread2" daemon [_thread_blocked, id=11312, stack(0x0000007287f00000,0x0000007288000000)]
=>0x000001d4745ca800 JavaThread "C2 CompilerThread1" daemon [_thread_in_native, id=8704, stack(0x0000007287e00000,0x0000007287f00000)]
  0x000001d4745bb800 JavaThread "C2 CompilerThread0" daemon [_thread_blocked, id=12080, stack(0x0000007287d00000,0x0000007287e00000)]
  0x000001d4745b7800 JavaThread "Attach Listener" daemon [_thread_blocked, id=4652, stack(0x0000007287c00000,0x0000007287d00000)]
  0x000001d4745b6800 JavaThread "Signal Dispatcher" daemon [_thread_blocked, id=6040, stack(0x0000007287b00000,0x0000007287c00000)]
  0x000001d460a9b000 JavaThread "Finalizer" daemon [_thread_blocked, id=852, stack(0x0000007287a00000,0x0000007287b00000)]
  0x000001d474594000 JavaThread "Reference Handler" daemon [_thread_blocked, id=6048, stack(0x0000007287900000,0x0000007287a00000)]
  0x000001d460a00800 JavaThread "main" [_thread_blocked, id=4560, stack(0x0000007287300000,0x0000007287400000)]

Other Threads:
  0x000001d460a8e000 VMThread [stack: 0x0000007287800000,0x0000007287900000] [id=10360]
  0x000001d474661800 WatcherThread [stack: 0x0000007288100000,0x0000007288200000] [id=9320]

VM state:not at safepoint (normal execution)

VM Mutex/Monitor currently owned by a thread: None

heap address: 0x00000000c5200000, size: 942 MB, Compressed Oops mode: 32-bit
Narrow klass base: 0x0000000000000000, Narrow klass shift: 3
Compressed class space size: 1073741824 Address: 0x0000000100000000

Heap:
 PSYoungGen      total 128512K, used 12497K [0x00000000ec600000, 0x00000000f6580000, 0x0000000100000000)
  eden space 107520K, 11% used [0x00000000ec600000,0x00000000ed234668,0x00000000f2f00000)
  from space 20992K, 0% used [0x00000000f4400000,0x00000000f4400000,0x00000000f5880000)
  to   space 21504K, 0% used [0x00000000f2f00000,0x00000000f2f00000,0x00000000f4400000)
 ParOldGen       total 61952K, used 24797K [0x00000000c5200000, 0x00000000c8e80000, 0x00000000ec600000)
  object space 61952K, 40% used [0x00000000c5200000,0x00000000c6a37688,0x00000000c8e80000)
 Metaspace       used 35721K, capacity 37636K, committed 37796K, reserved 1081344K
  class space    used 4580K, capacity 4923K, committed 5028K, reserved 1048576K

Card table byte_map: [0x000001d471730000,0x000001d471910000] byte_map_base: 0x000001d471107000

Marking Bits: (ParMarkBitMap*) 0x0000000072ff9030
 Begin Bits: [0x000001d471a50000, 0x000001d472908000)
 End Bits:   [0x000001d472908000, 0x000001d4737c0000)

Polling page: 0x000001d460d20000

CodeCache: size=245760Kb used=19821Kb max_used=19826Kb free=225938Kb
 bounds [0x000001d462370000, 0x000001d4636f0000, 0x000001d471370000]
 total_blobs=6563 nmethods=5701 adapters=774
 compilation: enabled

Compilation events (10 events):
Event: 115.665 Thread 0x000001d4745c5000 nmethod 6521 0x000001d4636d1b90 code [0x000001d4636d1d40, 0x000001d4636d23d0]
Event: 115.667 Thread 0x000001d4745c5000 6514       3       java.util.concurrent.ConcurrentHashMap$BaseIterator::hasNext (13 bytes)
Event: 115.668 Thread 0x000001d4745c5000 nmethod 6514 0x000001d462943490 code [0x000001d4629435e0, 0x000001d462943798]
Event: 115.668 Thread 0x000001d4745bb800 nmethod 6520 0x000001d4629e6010 code [0x000001d4629e6160, 0x000001d4629e62b8]
Event: 115.670 Thread 0x000001d4745c5000 6516       3       java.util.TreeMap$Entry::<init> (25 bytes)
Event: 115.670 Thread 0x000001d4745c5000 nmethod 6516 0x000001d462fec6d0 code [0x000001d462fec820, 0x000001d462feca18]
Event: 115.672 Thread 0x000001d4745c5000 6515       3       java.util.concurrent.ConcurrentHashMap$ValueIterator::next (34 bytes)
Event: 115.673 Thread 0x000001d4745c5000 nmethod 6515 0x000001d4629e7190 code [0x000001d4629e7320, 0x000001d4629e7640]
Event: 115.674 Thread 0x000001d4745c5000 6519       3       sun.font.TrueTypeFont::getFamilyName (55 bytes)
Event: 115.675 Thread 0x000001d4745c5000 nmethod 6519 0x000001d463267c50 code [0x000001d463267de0, 0x000001d4632681b0]

GC Heap History (10 events):
Event: 91.400 GC heap before
{Heap before GC invocations=14 (full 1):
 PSYoungGen      total 71680K, used 70073K [0x00000000ec600000, 0x00000000f1c80000, 0x0000000100000000)
  eden space 57344K, 100% used [0x00000000ec600000,0x00000000efe00000,0x00000000efe00000)
  from space 14336K, 88% used [0x00000000f0d00000,0x00000000f196e410,0x00000000f1b00000)
  to   space 15360K, 0% used [0x00000000efe00000,0x00000000efe00000,0x00000000f0d00000)
 ParOldGen       total 35328K, used 18485K [0x00000000c5200000, 0x00000000c7480000, 0x00000000ec600000)
  object space 35328K, 52% used [0x00000000c5200000,0x00000000c640d578,0x00000000c7480000)
 Metaspace       used 27900K, capacity 28848K, committed 29184K, reserved 1075200K
  class space    used 3516K, capacity 3753K, committed 3840K, reserved 1048576K
Event: 91.487 GC heap after
Heap after GC invocations=14 (full 1):
 PSYoungGen      total 72704K, used 13474K [0x00000000ec600000, 0x00000000f3580000, 0x0000000100000000)
  eden space 57344K, 0% used [0x00000000ec600000,0x00000000ec600000,0x00000000efe00000)
  from space 15360K, 87% used [0x00000000efe00000,0x00000000f0b28b20,0x00000000f0d00000)
  to   space 16896K, 0% used [0x00000000f2500000,0x00000000f2500000,0x00000000f3580000)
 ParOldGen       total 35328K, used 23180K [0x00000000c5200000, 0x00000000c7480000, 0x00000000ec600000)
  object space 35328K, 65% used [0x00000000c5200000,0x00000000c68a3328,0x00000000c7480000)
 Metaspace       used 27900K, capacity 28848K, committed 29184K, reserved 1075200K
  class space    used 3516K, capacity 3753K, committed 3840K, reserved 1048576K
}
Event: 95.064 GC heap before
{Heap before GC invocations=15 (full 1):
 PSYoungGen      total 72704K, used 70818K [0x00000000ec600000, 0x00000000f3580000, 0x0000000100000000)
  eden space 57344K, 100% used [0x00000000ec600000,0x00000000efe00000,0x00000000efe00000)
  from space 15360K, 87% used [0x00000000efe00000,0x00000000f0b28b20,0x00000000f0d00000)
  to   space 16896K, 0% used [0x00000000f2500000,0x00000000f2500000,0x00000000f3580000)
 ParOldGen       total 35328K, used 23180K [0x00000000c5200000, 0x00000000c7480000, 0x00000000ec600000)
  object space 35328K, 65% used [0x00000000c5200000,0x00000000c68a3328,0x00000000c7480000)
 Metaspace       used 28061K, capacity 29010K, committed 29184K, reserved 1075200K
  class space    used 3528K, capacity 3764K, committed 3840K, reserved 1048576K
Event: 95.140 GC heap after
Heap after GC invocations=15 (full 1):
 PSYoungGen      total 95744K, used 13938K [0x00000000ec600000, 0x00000000f3880000, 0x0000000100000000)
  eden space 78848K, 0% used [0x00000000ec600000,0x00000000ec600000,0x00000000f1300000)
  from space 16896K, 82% used [0x00000000f2500000,0x00000000f329cb70,0x00000000f3580000)
  to   space 18432K, 0% used [0x00000000f1300000,0x00000000f1300000,0x00000000f2500000)
 ParOldGen       total 35328K, used 23668K [0x00000000c5200000, 0x00000000c7480000, 0x00000000ec600000)
  object space 35328K, 66% used [0x00000000c5200000,0x00000000c691d338,0x00000000c7480000)
 Metaspace       used 28061K, capacity 29010K, committed 29184K, reserved 1075200K
  class space    used 3528K, capacity 3764K, committed 3840K, reserved 1048576K
}
Event: 112.456 GC heap before
{Heap before GC invocations=16 (full 1):
 PSYoungGen      total 95744K, used 89976K [0x00000000ec600000, 0x00000000f3880000, 0x0000000100000000)
  eden space 78848K, 96% used [0x00000000ec600000,0x00000000f1041780,0x00000000f1300000)
  from space 16896K, 82% used [0x00000000f2500000,0x00000000f329cb70,0x00000000f3580000)
  to   space 18432K, 0% used [0x00000000f1300000,0x00000000f1300000,0x00000000f2500000)
 ParOldGen       total 35328K, used 23668K [0x00000000c5200000, 0x00000000c7480000, 0x00000000ec600000)
  object space 35328K, 66% used [0x00000000c5200000,0x00000000c691d338,0x00000000c7480000)
 Metaspace       used 33475K, capacity 35392K, committed 35672K, reserved 1081344K
  class space    used 4321K, capacity 4671K, committed 4696K, reserved 1048576K
Event: 112.533 GC heap after
Heap after GC invocations=16 (full 1):
 PSYoungGen      total 97280K, used 18311K [0x00000000ec600000, 0x00000000f5880000, 0x0000000100000000)
  eden space 78848K, 0% used [0x00000000ec600000,0x00000000ec600000,0x00000000f1300000)
  from space 18432K, 99% used [0x00000000f1300000,0x00000000f24e1fe0,0x00000000f2500000)
  to   space 20992K, 0% used [0x00000000f4400000,0x00000000f4400000,0x00000000f5880000)
 ParOldGen       total 35328K, used 24044K [0x00000000c5200000, 0x00000000c7480000, 0x00000000ec600000)
  object space 35328K, 68% used [0x00000000c5200000,0x00000000c697b358,0x00000000c7480000)
 Metaspace       used 33475K, capacity 35392K, committed 35672K, reserved 1081344K
  class space    used 4321K, capacity 4671K, committed 4696K, reserved 1048576K
}
Event: 112.700 GC heap before
{Heap before GC invocations=17 (full 1):
 PSYoungGen      total 97280K, used 21088K [0x00000000ec600000, 0x00000000f5880000, 0x0000000100000000)
  eden space 78848K, 3% used [0x00000000ec600000,0x00000000ec8b6198,0x00000000f1300000)
  from space 18432K, 99% used [0x00000000f1300000,0x00000000f24e1fe0,0x00000000f2500000)
  to   space 20992K, 0% used [0x00000000f4400000,0x00000000f4400000,0x00000000f5880000)
 ParOldGen       total 35328K, used 24044K [0x00000000c5200000, 0x00000000c7480000, 0x00000000ec600000)
  object space 35328K, 68% used [0x00000000c5200000,0x00000000c697b358,0x00000000c7480000)
 Metaspace       used 33760K, capacity 35630K, committed 35748K, reserved 1081344K
  class space    used 4361K, capacity 4716K, committed 4772K, reserved 1048576K
Event: 112.747 GC heap after
Heap after GC invocations=17 (full 1):
 PSYoungGen      total 128512K, used 384K [0x00000000ec600000, 0x00000000f6580000, 0x0000000100000000)
  eden space 107520K, 0% used [0x00000000ec600000,0x00000000ec600000,0x00000000f2f00000)
  from space 20992K, 1% used [0x00000000f4400000,0x00000000f4460000,0x00000000f5880000)
  to   space 21504K, 0% used [0x00000000f2f00000,0x00000000f2f00000,0x00000000f4400000)
 ParOldGen       total 37888K, used 37095K [0x00000000c5200000, 0x00000000c7700000, 0x00000000ec600000)
  object space 37888K, 97% used [0x00000000c5200000,0x00000000c7639d40,0x00000000c7700000)
 Metaspace       used 33760K, capacity 35630K, committed 35748K, reserved 1081344K
  class space    used 4361K, capacity 4716K, committed 4772K, reserved 1048576K
}
Event: 112.747 GC heap before
{Heap before GC invocations=18 (full 2):
 PSYoungGen      total 128512K, used 384K [0x00000000ec600000, 0x00000000f6580000, 0x0000000100000000)
  eden space 107520K, 0% used [0x00000000ec600000,0x00000000ec600000,0x00000000f2f00000)
  from space 20992K, 1% used [0x00000000f4400000,0x00000000f4460000,0x00000000f5880000)
  to   space 21504K, 0% used [0x00000000f2f00000,0x00000000f2f00000,0x00000000f4400000)
 ParOldGen       total 37888K, used 37095K [0x00000000c5200000, 0x00000000c7700000, 0x00000000ec600000)
  object space 37888K, 97% used [0x00000000c5200000,0x00000000c7639d40,0x00000000c7700000)
 Metaspace       used 33760K, capacity 35630K, committed 35748K, reserved 1081344K
  class space    used 4361K, capacity 4716K, committed 4772K, reserved 1048576K
Event: 113.253 GC heap after
Heap after GC invocations=18 (full 2):
 PSYoungGen      total 128512K, used 0K [0x00000000ec600000, 0x00000000f6580000, 0x0000000100000000)
  eden space 107520K, 0% used [0x00000000ec600000,0x00000000ec600000,0x00000000f2f00000)
  from space 20992K, 0% used [0x00000000f4400000,0x00000000f4400000,0x00000000f5880000)
  to   space 21504K, 0% used [0x00000000f2f00000,0x00000000f2f00000,0x00000000f4400000)
 ParOldGen       total 61952K, used 24797K [0x00000000c5200000, 0x00000000c8e80000, 0x00000000ec600000)
  object space 61952K, 40% used [0x00000000c5200000,0x00000000c6a37688,0x00000000c8e80000)
 Metaspace       used 33760K, capacity 35630K, committed 35748K, reserved 1081344K
  class space    used 4361K, capacity 4716K, committed 4772K, reserved 1048576K
}

Deoptimization events (10 events):
Event: 105.543 Thread 0x000001d475a2e800 Uncommon trap: reason=class_check action=maybe_recompile pc=0x000001d4628459a8 method=com.sun.prism.impl.ps.BaseShaderContext.setRenderTarget(Lcom/sun/prism/RenderTarget;Lcom/sun/javafx/sg/prism/NGCamera;ZZ)V @ 9
Event: 105.564 Thread 0x000001d475a2e800 Uncommon trap: reason=unstable_if action=reinterpret pc=0x000001d462845378 method=com.sun.prism.impl.BaseContext.flushMask()V @ 4
Event: 105.629 Thread 0x000001d475a2e800 Uncommon trap: reason=class_check action=maybe_recompile pc=0x000001d463234cb8 method=com.sun.prism.d3d.D3DContext.updateRenderTarget(Lcom/sun/prism/RenderTarget;Lcom/sun/javafx/sg/prism/NGCamera;Z)Lcom/sun/prism/impl/ps/BaseShaderContext$State; @ 10
Event: 109.237 Thread 0x000001d475a91800 Uncommon trap: reason=unstable_if action=reinterpret pc=0x000001d463572490 method=com.mysql.jdbc.Field.isNativeDateTimeType()Z @ 6
Event: 112.026 Thread 0x000001d475a2e800 Uncommon trap: reason=class_check action=maybe_recompile pc=0x000001d463166958 method=com.sun.javafx.font.CompositeStrike.getStrikeSlot(I)Lcom/sun/javafx/font/FontStrike; @ 16
Event: 112.055 Thread 0x000001d4003b8800 Uncommon trap: reason=unstable_if action=reinterpret pc=0x000001d4627cbbf4 method=java.lang.String.lastIndexOf([CII[CIII)I @ 66
Event: 112.288 Thread 0x000001d4003b8800 Uncommon trap: reason=unstable_if action=reinterpret pc=0x000001d46285f944 method=java.util.concurrent.ConcurrentHashMap.putVal(Ljava/lang/Object;Ljava/lang/Object;Z)Ljava/lang/Object; @ 206
Event: 112.371 Thread 0x000001d4003b8800 Uncommon trap: reason=unstable_if action=reinterpret pc=0x000001d462def2d0 method=java.lang.Long.valueOf(J)Ljava/lang/Long; @ 5
Event: 112.614 Thread 0x000001d475a2e800 Uncommon trap: reason=unstable_if action=reinterpret pc=0x000001d462947ab0 method=com.sun.prism.impl.ManagedResource._isgone(Lcom/sun/prism/impl/ManagedResource;)Z @ 1
Event: 115.657 Thread 0x000001d4003b8800 Uncommon trap: reason=unstable_if action=reinterpret pc=0x000001d462b5cdc8 method=java.util.TreeMap.put(Ljava/lang/Object;Ljava/lang/Object;)Ljava/lang/Object; @ 163

Classes redefined (0 events):
No events

Internal exceptions (10 events):
Event: 97.090 Thread 0x000001d475a2e800 Implicit null exception at 0x000001d463275148 to 0x000001d463275219
Event: 97.095 Thread 0x000001d475a2e800 Implicit null exception at 0x000001d463249420 to 0x000001d463249b85
Event: 100.362 Thread 0x000001d475a91800 Implicit null exception at 0x000001d4633a4a45 to 0x000001d4633a4fbd
Event: 112.098 Thread 0x000001d4003b8800 Exception <a 'java/lang/NoClassDefFoundError': org/apache/log4j/Category> (0x00000000f0c353c8) thrown at [C:\jenkins\workspace\8-2-build-windows-amd64-cygwin\jdk8u321\2141\hotspot\src\share\vm\classfile\systemDictionary.cpp, line 201]
Event: 112.614 Thread 0x000001d475a2e800 Implicit null exception at 0x000001d462947a2c to 0x000001d462947aa1
Event: 113.567 Thread 0x000001d4003b8800 Exception <a 'java/io/FileNotFoundException'> (0x00000000ec965ef8) thrown at [C:\jenkins\workspace\8-2-build-windows-amd64-cygwin\jdk8u321\2141\hotspot\src\share\vm\prims\jni.cpp, line 710]
Event: 113.921 Thread 0x000001d4003b8800 Exception <a 'java/io/FileNotFoundException'> (0x00000000eca8d5a8) thrown at [C:\jenkins\workspace\8-2-build-windows-amd64-cygwin\jdk8u321\2141\hotspot\src\share\vm\prims\jni.cpp, line 710]
Event: 113.949 Thread 0x000001d4003b8800 Exception <a 'java/io/FileNotFoundException'> (0x00000000ecaa1ad8) thrown at [C:\jenkins\workspace\8-2-build-windows-amd64-cygwin\jdk8u321\2141\hotspot\src\share\vm\prims\jni.cpp, line 710]
Event: 114.068 Thread 0x000001d4003b8800 Exception <a 'java/io/FileNotFoundException'> (0x00000000ecb57a80) thrown at [C:\jenkins\workspace\8-2-build-windows-amd64-cygwin\jdk8u321\2141\hotspot\src\share\vm\prims\jni.cpp, line 710]
Event: 114.074 Thread 0x000001d4003b8800 Exception <a 'java/io/FileNotFoundException'> (0x00000000ecb6e690) thrown at [C:\jenkins\workspace\8-2-build-windows-amd64-cygwin\jdk8u321\2141\hotspot\src\share\vm\prims\jni.cpp, line 710]

Events (10 events):
Event: 115.687 loading class net/sf/jasperreports/engine/JRStyledTextAttributeSelector$NoBackcolorSelector
Event: 115.687 loading class net/sf/jasperreports/engine/JRStyledTextAttributeSelector$NoBackcolorSelector done
Event: 115.689 loading class net/sf/jasperreports/engine/fonts/FontUtil
Event: 115.689 loading class net/sf/jasperreports/engine/fonts/FontUtil done
Event: 115.693 loading class net/sf/jasperreports/engine/util/JRFontNotFoundException
Event: 115.693 loading class net/sf/jasperreports/engine/util/JRFontNotFoundException done
Event: 115.695 loading class net/sf/jasperreports/engine/fonts/FontUtil$1
Event: 115.695 loading class net/sf/jasperreports/engine/fonts/FontUtil$1 done
Event: 115.697 loading class net/sf/jasperreports/renderers/RenderersCache
Event: 115.697 loading class net/sf/jasperreports/renderers/RenderersCache done


Dynamic libraries:
0x00007ff684280000 - 0x00007ff6842c7000 	C:\Program Files\Java\jdk1.8.0_321\jre\bin\java.exe
0x00007ffdee910000 - 0x00007ffdeeb05000 	C:\WINDOWS\SYSTEM32\ntdll.dll
0x00007ffdc6490000 - 0x00007ffdc64a6000 	C:\Program Files\Avast Software\Avast\aswhook.dll
0x00007ffded9c0000 - 0x00007ffdeda7e000 	C:\WINDOWS\System32\KERNEL32.DLL
0x00007ffdec060000 - 0x00007ffdec328000 	C:\WINDOWS\System32\KERNELBASE.dll
0x00007ffdecb90000 - 0x00007ffdecc3e000 	C:\WINDOWS\System32\ADVAPI32.dll
0x00007ffdecaf0000 - 0x00007ffdecb8e000 	C:\WINDOWS\System32\msvcrt.dll
0x00007ffdee690000 - 0x00007ffdee72c000 	C:\WINDOWS\System32\sechost.dll
0x00007ffdedbe0000 - 0x00007ffdedd05000 	C:\WINDOWS\System32\RPCRT4.dll
0x00007ffdee730000 - 0x00007ffdee8d0000 	C:\WINDOWS\System32\USER32.dll
0x00007ffdec030000 - 0x00007ffdec052000 	C:\WINDOWS\System32\win32u.dll
0x00007ffdeddb0000 - 0x00007ffdeddda000 	C:\WINDOWS\System32\GDI32.dll
0x00007ffdec6c0000 - 0x00007ffdec7cb000 	C:\WINDOWS\System32\gdi32full.dll
0x00007ffdec860000 - 0x00007ffdec8fd000 	C:\WINDOWS\System32\msvcp_win.dll
0x00007ffdec360000 - 0x00007ffdec460000 	C:\WINDOWS\System32\ucrtbase.dll
0x00007ffddbb00000 - 0x00007ffddbd9a000 	C:\WINDOWS\WinSxS\amd64_microsoft.windows.common-controls_6595b64144ccf1df_6.0.19041.1110_none_60b5254171f9507e\COMCTL32.dll
0x00007ffded470000 - 0x00007ffded4a0000 	C:\WINDOWS\System32\IMM32.DLL
0x00007ffdb15c0000 - 0x00007ffdb16d5000 	C:\Program Files\Topaz OFD\Warsaw\wslbscr64.dll
0x00007ffdecc40000 - 0x00007ffded384000 	C:\WINDOWS\System32\SHELL32.dll
0x00007ffdead40000 - 0x00007ffdead73000 	C:\WINDOWS\SYSTEM32\ntmarta.dll
0x00007ffdb1d00000 - 0x00007ffdb1df3000 	C:\Program Files\Topaz OFD\Warsaw\wslbscrwh64.dll
0x00007ffde9970000 - 0x00007ffde9985000 	C:\Program Files\Java\jdk1.8.0_321\jre\bin\vcruntime140.dll
0x00007ffddd6c0000 - 0x00007ffddd75b000 	C:\Program Files\Java\jdk1.8.0_321\jre\bin\msvcp140.dll
0x0000000072810000 - 0x0000000073071000 	C:\Program Files\Java\jdk1.8.0_321\jre\bin\server\jvm.dll
0x00007ffdedd10000 - 0x00007ffdedd18000 	C:\WINDOWS\System32\PSAPI.DLL
0x00007ffddd370000 - 0x00007ffddd379000 	C:\WINDOWS\SYSTEM32\WSOCK32.dll
0x00007ffded880000 - 0x00007ffded8eb000 	C:\WINDOWS\System32\WS2_32.dll
0x00007ffdd5c40000 - 0x00007ffdd5c67000 	C:\WINDOWS\SYSTEM32\WINMM.dll
0x00007ffde5840000 - 0x00007ffde584a000 	C:\WINDOWS\SYSTEM32\VERSION.dll
0x00007ffde9f50000 - 0x00007ffde9f62000 	C:\WINDOWS\SYSTEM32\kernel.appcore.dll
0x00007ffde7d40000 - 0x00007ffde7d50000 	C:\Program Files\Java\jdk1.8.0_321\jre\bin\verify.dll
0x00007ffde7ac0000 - 0x00007ffde7aeb000 	C:\Program Files\Java\jdk1.8.0_321\jre\bin\java.dll
0x00007ffde7690000 - 0x00007ffde76a8000 	C:\Program Files\Java\jdk1.8.0_321\jre\bin\zip.dll
0x00007ffdea150000 - 0x00007ffdea8e4000 	C:\WINDOWS\SYSTEM32\windows.storage.dll
0x00007ffded520000 - 0x00007ffded874000 	C:\WINDOWS\System32\combase.dll
0x00007ffdebaa0000 - 0x00007ffdebacc000 	C:\WINDOWS\SYSTEM32\Wldp.dll
0x00007ffdedb30000 - 0x00007ffdedbdd000 	C:\WINDOWS\System32\SHCORE.dll
0x00007ffdee630000 - 0x00007ffdee685000 	C:\WINDOWS\System32\shlwapi.dll
0x00007ffdebf70000 - 0x00007ffdebf8f000 	C:\WINDOWS\SYSTEM32\profapi.dll
0x000001d4743e0000 - 0x000001d4743e3000 	C:\Program Files\Java\jdk1.8.0_321\jre\bin\api-ms-win-core-console-l1-1-0.dll
0x000001d4743f0000 - 0x000001d4743f3000 	C:\Program Files\Java\jdk1.8.0_321\jre\bin\api-ms-win-core-console-l1-2-0.dll
0x000001d474400000 - 0x000001d474403000 	C:\Program Files\Java\jdk1.8.0_321\jre\bin\api-ms-win-core-datetime-l1-1-0.dll
0x000001d474410000 - 0x000001d474413000 	C:\Program Files\Java\jdk1.8.0_321\jre\bin\api-ms-win-core-debug-l1-1-0.dll
0x000001d474420000 - 0x000001d474423000 	C:\Program Files\Java\jdk1.8.0_321\jre\bin\api-ms-win-core-errorhandling-l1-1-0.dll
0x000001d474430000 - 0x000001d474434000 	C:\Program Files\Java\jdk1.8.0_321\jre\bin\api-ms-win-core-file-l1-1-0.dll
0x000001d474440000 - 0x000001d474443000 	C:\Program Files\Java\jdk1.8.0_321\jre\bin\api-ms-win-core-file-l1-2-0.dll
0x000001d474450000 - 0x000001d474453000 	C:\Program Files\Java\jdk1.8.0_321\jre\bin\api-ms-win-core-file-l2-1-0.dll
0x000001d474460000 - 0x000001d474463000 	C:\Program Files\Java\jdk1.8.0_321\jre\bin\api-ms-win-core-handle-l1-1-0.dll
0x000001d474470000 - 0x000001d474473000 	C:\Program Files\Java\jdk1.8.0_321\jre\bin\api-ms-win-core-heap-l1-1-0.dll
0x000001d474480000 - 0x000001d474483000 	C:\Program Files\Java\jdk1.8.0_321\jre\bin\api-ms-win-core-interlocked-l1-1-0.dll
0x000001d474490000 - 0x000001d474493000 	C:\Program Files\Java\jdk1.8.0_321\jre\bin\api-ms-win-core-libraryloader-l1-1-0.dll
0x000001d475aa0000 - 0x000001d475aa3000 	C:\Program Files\Java\jdk1.8.0_321\jre\bin\api-ms-win-core-localization-l1-2-0.dll
0x000001d475ab0000 - 0x000001d475ab3000 	C:\Program Files\Java\jdk1.8.0_321\jre\bin\api-ms-win-core-memory-l1-1-0.dll
0x000001d475ac0000 - 0x000001d475ac3000 	C:\Program Files\Java\jdk1.8.0_321\jre\bin\api-ms-win-core-namedpipe-l1-1-0.dll
0x000001d475ad0000 - 0x000001d475ad3000 	C:\Program Files\Java\jdk1.8.0_321\jre\bin\api-ms-win-core-processenvironment-l1-1-0.dll
0x000001d475ae0000 - 0x000001d475ae3000 	C:\Program Files\Java\jdk1.8.0_321\jre\bin\api-ms-win-core-processthreads-l1-1-0.dll
0x000001d475af0000 - 0x000001d475af3000 	C:\Program Files\Java\jdk1.8.0_321\jre\bin\api-ms-win-core-processthreads-l1-1-1.dll
0x000001d475b00000 - 0x000001d475b03000 	C:\Program Files\Java\jdk1.8.0_321\jre\bin\api-ms-win-core-profile-l1-1-0.dll
0x000001d475b10000 - 0x000001d475b13000 	C:\Program Files\Java\jdk1.8.0_321\jre\bin\api-ms-win-core-rtlsupport-l1-1-0.dll
0x000001d475b20000 - 0x000001d475b23000 	C:\Program Files\Java\jdk1.8.0_321\jre\bin\api-ms-win-core-string-l1-1-0.dll
0x000001d475b30000 - 0x000001d475b33000 	C:\Program Files\Java\jdk1.8.0_321\jre\bin\api-ms-win-core-synch-l1-1-0.dll
0x000001d475b40000 - 0x000001d475b43000 	C:\Program Files\Java\jdk1.8.0_321\jre\bin\api-ms-win-core-synch-l1-2-0.dll
0x000001d475b50000 - 0x000001d475b53000 	C:\Program Files\Java\jdk1.8.0_321\jre\bin\api-ms-win-core-sysinfo-l1-1-0.dll
0x000001d475b60000 - 0x000001d475b63000 	C:\Program Files\Java\jdk1.8.0_321\jre\bin\api-ms-win-core-timezone-l1-1-0.dll
0x000001d475b70000 - 0x000001d475b73000 	C:\Program Files\Java\jdk1.8.0_321\jre\bin\api-ms-win-core-util-l1-1-0.dll
0x000001d475b80000 - 0x000001d475b83000 	C:\Program Files\Java\jdk1.8.0_321\jre\bin\api-ms-win-crt-conio-l1-1-0.dll
0x000001d475b90000 - 0x000001d475b94000 	C:\Program Files\Java\jdk1.8.0_321\jre\bin\api-ms-win-crt-convert-l1-1-0.dll
0x000001d475ba0000 - 0x000001d475ba3000 	C:\Program Files\Java\jdk1.8.0_321\jre\bin\api-ms-win-crt-environment-l1-1-0.dll
0x000001d475bb0000 - 0x000001d475bb3000 	C:\Program Files\Java\jdk1.8.0_321\jre\bin\api-ms-win-crt-filesystem-l1-1-0.dll
0x000001d475bc0000 - 0x000001d475bc3000 	C:\Program Files\Java\jdk1.8.0_321\jre\bin\api-ms-win-crt-heap-l1-1-0.dll
0x000001d475bd0000 - 0x000001d475bd3000 	C:\Program Files\Java\jdk1.8.0_321\jre\bin\api-ms-win-crt-locale-l1-1-0.dll
0x000001d475be0000 - 0x000001d475be5000 	C:\Program Files\Java\jdk1.8.0_321\jre\bin\api-ms-win-crt-math-l1-1-0.dll
0x000001d475bf0000 - 0x000001d475bf5000 	C:\Program Files\Java\jdk1.8.0_321\jre\bin\api-ms-win-crt-multibyte-l1-1-0.dll
0x000001d475c00000 - 0x000001d475c10000 	C:\Program Files\Java\jdk1.8.0_321\jre\bin\api-ms-win-crt-private-l1-1-0.dll
0x000001d475c10000 - 0x000001d475c13000 	C:\Program Files\Java\jdk1.8.0_321\jre\bin\api-ms-win-crt-process-l1-1-0.dll
0x000001d475c20000 - 0x000001d475c24000 	C:\Program Files\Java\jdk1.8.0_321\jre\bin\api-ms-win-crt-runtime-l1-1-0.dll
0x000001d475c30000 - 0x000001d475c34000 	C:\Program Files\Java\jdk1.8.0_321\jre\bin\api-ms-win-crt-stdio-l1-1-0.dll
0x000001d475c40000 - 0x000001d475c44000 	C:\Program Files\Java\jdk1.8.0_321\jre\bin\api-ms-win-crt-string-l1-1-0.dll
0x000001d475c50000 - 0x000001d475c53000 	C:\Program Files\Java\jdk1.8.0_321\jre\bin\api-ms-win-crt-time-l1-1-0.dll
0x000001d475c60000 - 0x000001d475c63000 	C:\Program Files\Java\jdk1.8.0_321\jre\bin\api-ms-win-crt-utility-l1-1-0.dll
0x00007ffdc0d30000 - 0x00007ffdc0e2a000 	C:\Program Files\Java\jdk1.8.0_321\jre\bin\ucrtbase.dll
0x00007ffde7b00000 - 0x00007ffde7b0c000 	C:\Program Files\Java\jdk1.8.0_321\jre\bin\vcruntime140_1.dll
0x00007ffdd8480000 - 0x00007ffdd84a3000 	C:\Program Files\Java\jdk1.8.0_321\jre\bin\prism_d3d.dll
0x00007ffda3250000 - 0x00007ffda341f000 	C:\WINDOWS\system32\d3d9.dll
0x00007ffde9d70000 - 0x00007ffde9d9f000 	C:\WINDOWS\SYSTEM32\dwmapi.dll
0x00007ffde9a70000 - 0x00007ffde9b0e000 	C:\WINDOWS\system32\uxtheme.dll
0x0000000180000000 - 0x0000000180806000 	C:\WINDOWS\SYSTEM32\igdumd64.dll
0x00007ffdd5bf0000 - 0x00007ffdd5c32000 	C:\Program Files\Java\jdk1.8.0_321\jre\bin\glass.dll
0x000001d475cf0000 - 0x000001d475dcb000 	C:\WINDOWS\System32\COMDLG32.dll
0x00007ffdee070000 - 0x00007ffdee19a000 	C:\WINDOWS\System32\ole32.dll
0x00007ffded8f0000 - 0x00007ffded9bd000 	C:\WINDOWS\System32\OLEAUT32.dll
0x00007ffdec970000 - 0x00007ffdeca85000 	C:\WINDOWS\System32\MSCTF.dll
0x00007ffdec7d0000 - 0x00007ffdec852000 	C:\WINDOWS\System32\bcryptPrimitives.dll
0x00007ffde7420000 - 0x00007ffde743c000 	C:\Program Files\Java\jdk1.8.0_321\jre\bin\net.dll
0x00007ffdeb800000 - 0x00007ffdeb86a000 	C:\WINDOWS\system32\mswsock.dll
0x00007ffde6a00000 - 0x00007ffde6a13000 	C:\Program Files\Java\jdk1.8.0_321\jre\bin\nio.dll
0x00007ffdeb9f0000 - 0x00007ffdeba08000 	C:\WINDOWS\SYSTEM32\CRYPTSP.dll
0x00007ffdeb110000 - 0x00007ffdeb144000 	C:\WINDOWS\system32\rsaenh.dll
0x000001d475e00000 - 0x000001d475e27000 	C:\WINDOWS\System32\bcrypt.dll
0x00007ffdebf30000 - 0x00007ffdebf5e000 	C:\WINDOWS\SYSTEM32\USERENV.dll
0x00007ffdeba10000 - 0x00007ffdeba1c000 	C:\WINDOWS\SYSTEM32\CRYPTBASE.dll
0x00007ffdeb480000 - 0x00007ffdeb4bb000 	C:\WINDOWS\SYSTEM32\IPHLPAPI.DLL
0x00007ffded510000 - 0x00007ffded518000 	C:\WINDOWS\System32\NSI.dll
0x00007ffde46c0000 - 0x00007ffde46d7000 	C:\WINDOWS\SYSTEM32\dhcpcsvc6.DLL
0x00007ffde51d0000 - 0x00007ffde51ed000 	C:\WINDOWS\SYSTEM32\dhcpcsvc.DLL
0x00007ffdeb4c0000 - 0x00007ffdeb58b000 	C:\WINDOWS\SYSTEM32\DNSAPI.dll
0x00007ffdd42e0000 - 0x00007ffdd4324000 	C:\Users\Fabio\AppData\Local\Temp\jna-67633741\jna2801164782197720738.dll
0x00007ffdd9310000 - 0x00007ffdd9334000 	C:\Program Files\Java\jdk1.8.0_321\jre\bin\sunec.dll
0x00007ffde4100000 - 0x00007ffde4114000 	C:\Program Files\Java\jdk1.8.0_321\jre\bin\javafx_font.dll
0x00007ffdde6d0000 - 0x00007ffdde94f000 	C:\WINDOWS\SYSTEM32\dwrite.dll
0x00007ffdd44a0000 - 0x00007ffdd4635000 	C:\Program Files\Java\jdk1.8.0_321\jre\bin\awt.dll
0x00007ffde9870000 - 0x00007ffde9900000 	C:\WINDOWS\SYSTEM32\apphelp.dll
0x00007ffdde950000 - 0x00007ffdde95a000 	C:\Windows\System32\rasadhlp.dll
0x00007ffddeed0000 - 0x00007ffddef4f000 	C:\WINDOWS\System32\fwpuclnt.dll
0x00007ffdeda80000 - 0x00007ffdedb29000 	C:\WINDOWS\System32\clbcatq.dll
0x00007ffde3d20000 - 0x00007ffde3ed4000 	C:\WINDOWS\SYSTEM32\WindowsCodecs.dll
0x00007ffdd9210000 - 0x00007ffdd924e000 	C:\WINDOWS\system32\dataexchange.dll
0x00007ffde7d50000 - 0x00007ffde7fb4000 	C:\WINDOWS\system32\d3d11.dll
0x00007ffde8b60000 - 0x00007ffde8d45000 	C:\WINDOWS\system32\dcomp.dll
0x00007ffdea950000 - 0x00007ffdeaa43000 	C:\WINDOWS\system32\dxgi.dll
0x00007ffde4a60000 - 0x00007ffde4c61000 	C:\WINDOWS\system32\twinapi.appcore.dll
0x00007ffdd2090000 - 0x00007ffdd20c4000 	C:\Program Files\Common Files\Microsoft Shared\Ink\rtscom.dll
0x00007ffde1210000 - 0x00007ffde1309000 	C:\WINDOWS\SYSTEM32\textinputframework.dll
0x00007ffde9210000 - 0x00007ffde956e000 	C:\WINDOWS\System32\CoreUIComponents.dll
0x00007ffde95a0000 - 0x00007ffde9692000 	C:\WINDOWS\System32\CoreMessaging.dll
0x00007ffde8a00000 - 0x00007ffde8b54000 	C:\WINDOWS\SYSTEM32\wintypes.dll
0x00007ffddf6d0000 - 0x00007ffddf6e2000 	C:\Program Files\Java\jdk1.8.0_321\jre\bin\prism_common.dll
0x000001d47e190000 - 0x000001d47e878000 	C:\WINDOWS\SYSTEM32\ACBrNFe64.dll

VM Arguments:
jvm_args: -Dfile.encoding=UTF-8 
java_command: C:\Users\Fabio\Documents\NetBeansProjects\NOVAIDE\Unishop\dist\run2036915249\Unishop.jar
java_class_path (initial): C:\Users\Fabio\Documents\NetBeansProjects\NOVAIDE\Unishop\dist\run2036915249\Unishop.jar
Launcher Type: SUN_STANDARD

Environment Variables:
JAVA_HOME=C:\Program Files\Java\jdk1.8.0_321\
JRE_HOME=C:\Program Files\Java\jre1.8.0_321
CLASSPATH=;C:\Program Files\Java\jdk1.8.0_321\\lib;
PATH=C:\Program Files (x86)\Common Files\Oracle\Java\javapath;C:\Program Files (x86)\Common Files\Intel\Shared Files\cpp\bin\Intel64;C:\Program Files\Java\jre1.8.0_291\bin;C:\WINDOWS\system32;C:\WINDOWS;C:\WINDOWS\System32\Wbem;C:\WINDOWS\System32\WindowsPowerShell\v1.0\;C:\Program Files\nodejs\;C:\WINDOWS\System32\OpenSSH\;";C:\Program Files\Java\jdk1.8.0_321\\lib;C:\Program Files\SafeNet\Authentication\SAC\x64;C:\Program Files\SafeNet\Authentication\SAC\x32;C:\Program Files\TortoiseSVN\bin;C:\Program Files\Git\cmd;C:\Users\Fabio\AppData\Roaming\npm;C:\Users\Fabio\AppData\Local\Programs\Microsoft VS Code\bin;C:\Users\Fabio\AppData\Local\Microsoft\WindowsApps;C:\Users\Fabio\Documents\NetBeansProjects\maven\bin;
USERNAME=Fabio
OS=Windows_NT
PROCESSOR_IDENTIFIER=Intel64 Family 6 Model 37 Stepping 5, GenuineIntel



---------------  S Y S T E M  ---------------

OS: Windows 10 , 64 bit Build 19041 (10.0.19041.1645)

CPU:total 4 (initial active 4) (2 cores per cpu, 2 threads per core) family 6 model 37 stepping 5, cmov, cx8, fxsr, mmx, sse, sse2, sse3, ssse3, sse4.1, sse4.2, popcnt, ht, tsc, tscinvbit

Memory: 4k page, physical 3857264k(254200k free), swap 5905264k(816k free)

vm_info: Java HotSpot(TM) 64-Bit Server VM (25.321-b07) for windows-amd64 JRE (1.8.0_321-b07), built on Dec 15 2021 11:19:20 by "java_re" with MS VC++ 15.9 (VS2017)

time: Wed Apr 27 17:44:36 2022
timezone: Hora oficial do Brasil
elapsed time: 115.895575 seconds (0d 0h 1m 55s)

