JvmtiExport can_access_local_variables 0
JvmtiExport can_hotswap_or_post_breakpoint 0
JvmtiExport can_post_on_exceptions 0
# 220 ciObject found
instanceKlass java/awt/GraphicsConfiguration
instanceKlass sun/awt/image/SurfaceManager$ProxiedGraphicsConfig
instanceKlass sun/java2d/pipe/hw/ContextCapabilities
instanceKlass sun/java2d/d3d/D3DGraphicsDevice$1
instanceKlass sun/java2d/d3d/D3DGraphicsDevice$1Result
instanceKlass sun/java2d/d3d/D3DRenderQueue$1
instanceKlass sun/java2d/pipe/RenderBuffer
instanceKlass sun/java2d/pipe/RenderQueue
instanceKlass sun/misc/PerfCounter$WindowsClientCounters
instanceKlass java/awt/GraphicsDevice
instanceKlass java/awt/TrayIcon
instanceKlass java/awt/MenuComponent
instanceKlass java/awt/EventQueue$3
instanceKlass sun/awt/dnd/SunDragSourceContextPeer
instanceKlass java/awt/dnd/peer/DragSourceContextPeer
instanceKlass sun/awt/EventQueueDelegate
instanceKlass java/awt/ModalEventFilter
instanceKlass java/awt/EventDispatchThread$HierarchyEventFilter
instanceKlass java/awt/EventFilter
instanceKlass java/awt/EventDispatchThread$1
instanceKlass java/awt/Conditional
instanceKlass sun/awt/EventQueueItem
instanceKlass java/awt/EventQueue$5
instanceKlass java/awt/event/InvocationEvent$1
instanceKlass sun/awt/AWTAccessor$InvocationEventAccessor
instanceKlass java/awt/ActiveEvent
instanceKlass sun/awt/windows/WToolkit$$Lambda$586
instanceKlass com/sun/javafx/tk/quantum/GlassWindowEventHandler$$Lambda$585
instanceKlass com/sun/javafx/tk/quantum/GlassWindowEventHandler$$Lambda$584
instanceKlass com/sun/javafx/tk/quantum/GlassWindowEventHandler$$Lambda$583
instanceKlass sun/awt/AppContext$PostShutdownEventRunnable
instanceKlass java/util/IdentityHashMap$IdentityHashMapIterator
instanceKlass sun/awt/windows/WDesktopPeer
instanceKlass java/awt/peer/DesktopPeer
instanceKlass sun/awt/PostEventQueue
instanceKlass sun/awt/MostRecentKeyValue
instanceKlass java/awt/Queue
instanceKlass java/awt/EventQueue$2
instanceKlass sun/awt/AWTAccessor$EventQueueAccessor
instanceKlass java/awt/EventQueue$1
instanceKlass java/awt/EventQueue
instanceKlass sun/awt/AppContext$1
instanceKlass sun/awt/AppContext$2
instanceKlass sun/awt/AppContext$3
instanceKlass sun/awt/AppContext$6
instanceKlass sun/misc/JavaAWTAccess
instanceKlass sun/awt/AppContext$GetAppContextLock
instanceKlass sun/awt/AppContext
instanceKlass sun/awt/windows/WToolkit$$Lambda$582
instanceKlass sun/awt/windows/WToolkit$$Lambda$581
instanceKlass sun/awt/windows/WToolkit$$Lambda$580
instanceKlass sun/awt/windows/WToolkit$$Lambda$579
instanceKlass sun/awt/AWTAutoShutdown
instanceKlass sun/awt/windows/WToolkit$ToolkitDisposer
instanceKlass sun/misc/PerformanceLogger$TimeData
instanceKlass sun/misc/PerformanceLogger
instanceKlass sun/awt/SunToolkit$ModalityListenerList
instanceKlass sun/awt/ModalityListener
instanceKlass java/awt/Toolkit$2
instanceKlass java/awt/Desktop
instanceKlass com/lowagie/text/pdf/PdfEncryption
instanceKlass com/lowagie/text/pdf/PdfIndirectObject
instanceKlass java/util/zip/Deflater
instanceKlass com/lowagie/text/pdf/PdfReader
instanceKlass com/lowagie/text/Utilities
instanceKlass com/lowagie/text/pdf/BidiOrder
instanceKlass com/lowagie/text/pdf/ArabicLigaturizer
instanceKlass com/lowagie/text/RtfElementInterface
instanceKlass net/sf/jasperreports/engine/export/JRPdfExporter$2
instanceKlass net/sf/jasperreports/engine/export/AbstractPdfTextRenderer$1
instanceKlass net/sf/jasperreports/engine/JRPrintImage
instanceKlass net/sf/jasperreports/engine/JRCommonImage
instanceKlass net/sf/jasperreports/engine/JRImageAlignment
instanceKlass net/sf/jasperreports/engine/JRPrintEllipse
instanceKlass net/sf/jasperreports/engine/JRPrintRectangle
instanceKlass net/sf/jasperreports/engine/JRCommonRectangle
instanceKlass com/lowagie/text/pdf/FontDetails
instanceKlass com/lowagie/text/pdf/DefaultSplitCharacter
instanceKlass com/lowagie/text/pdf/PdfFont
instanceKlass com/lowagie/text/pdf/PdfChunk
instanceKlass com/lowagie/text/pdf/BidiLine
instanceKlass net/sf/jasperreports/export/pdf/classic/ClassicPhrase$1
instanceKlass net/sf/jasperreports/export/pdf/classic/ClassicPdfUtils$1
instanceKlass net/sf/jasperreports/export/pdf/classic/ClassicPdfUtils
instanceKlass com/lowagie/text/pdf/PdfPTable
instanceKlass com/lowagie/text/List
instanceKlass com/lowagie/text/pdf/ColumnText
instanceKlass net/sf/jasperreports/export/pdf/classic/ClassicPhrase
instanceKlass net/sf/jasperreports/export/pdf/classic/ClassicChunk
instanceKlass com/lowagie/text/Chunk
instanceKlass com/lowagie/text/Font
instanceKlass com/lowagie/text/pdf/GlyphList
instanceKlass com/lowagie/text/pdf/RandomAccessFileOrArray
instanceKlass com/lowagie/text/pdf/fonts/FontsResourceAnchor
instanceKlass com/lowagie/text/FontFactoryImp
instanceKlass com/lowagie/text/FontFactory
instanceKlass net/sf/jasperreports/export/pdf/PdfFontStyle
instanceKlass net/sf/jasperreports/engine/base/JRBaseFont
instanceKlass net/sf/jasperreports/export/pdf/classic/ClassicFontRecipient
instanceKlass net/sf/jasperreports/engine/base/JRBasePrintElement
instanceKlass net/sf/jasperreports/export/pdf/classic/ClassicPdfContent$1
instanceKlass net/sf/jasperreports/export/pdf/classic/ClassicPdfProducer$1
instanceKlass net/sf/jasperreports/engine/export/ExporterFilterContainer
instanceKlass net/sf/jasperreports/engine/export/MatcherExporterFilter
instanceKlass net/sf/jasperreports/engine/export/JROriginExporterFilter
instanceKlass net/sf/jasperreports/engine/export/ResetableExporterFilter
instanceKlass net/sf/jasperreports/engine/export/ElementPropertyExporterFilter
instanceKlass net/sf/jasperreports/engine/export/ElementKeyExporterFilterFactory
instanceKlass net/sf/jasperreports/engine/export/MatcherExporterFilterFactory
instanceKlass net/sf/jasperreports/engine/export/JROriginExporterFilterFactory
instanceKlass net/sf/jasperreports/engine/export/ElementPropertyExporterFilterFactory
instanceKlass net/sf/jasperreports/engine/export/DefaultExporterFilterFactory
instanceKlass net/sf/jasperreports/engine/export/ExporterFilterFactory
instanceKlass net/sf/jasperreports/engine/export/ExporterFilterFactoryUtil
instanceKlass net/sf/jasperreports/engine/export/ExporterFilter
instanceKlass net/sf/jasperreports/engine/export/JRExportProgressMonitor
instanceKlass net/sf/jasperreports/export/PdfReportConfiguration
instanceKlass net/sf/jasperreports/export/ReportExportConfiguration
instanceKlass net/sf/jasperreports/export/pdf/classic/ClassicPdfOutline
instanceKlass net/sf/jasperreports/engine/export/JRPdfExporter$Bookmark
instanceKlass net/sf/jasperreports/engine/export/JRPdfExporter$BookmarkStack
instanceKlass net/sf/jasperreports/export/pdf/classic/ClassicPdfContent
instanceKlass com/lowagie/text/LargeElement
instanceKlass com/lowagie/text/TextElementArray
instanceKlass net/sf/jasperreports/export/pdf/PdfStructureEntry
instanceKlass net/sf/jasperreports/export/pdf/classic/ClassicPdfStructure
instanceKlass net/sf/jasperreports/export/pdf/classic/ClassicPdfWriter
instanceKlass com/lowagie/text/pdf/PdfLine
instanceKlass com/lowagie/text/pdf/PageResources
instanceKlass com/lowagie/text/pdf/PdfWriter$PdfBody$PdfCrossReference
instanceKlass com/lowagie/text/pdf/PdfWriter$PdfBody
instanceKlass com/lowagie/text/pdf/internal/PdfAnnotationsImp
instanceKlass com/lowagie/text/pdf/PdfContentByte$GraphicState
instanceKlass com/lowagie/text/pdf/internal/PdfXConformanceImp
instanceKlass com/lowagie/text/pdf/internal/PdfVersionImp
instanceKlass com/lowagie/text/pdf/PdfPages
instanceKlass sun/util/locale/provider/TimeZoneNameUtility$TimeZoneNameGetter
instanceKlass com/lowagie/text/Meta
instanceKlass com/lowagie/text/pdf/internal/PdfViewerPreferencesImp
instanceKlass com/lowagie/text/pdf/PdfDocument$Indentation
instanceKlass com/lowagie/text/PageSize
instanceKlass com/lowagie/text/pdf/PdfEncodings$Cp437Conversion
instanceKlass com/lowagie/text/pdf/PdfEncodings$SymbolTTConversion
instanceKlass com/lowagie/text/pdf/PdfEncodings$SymbolConversion
instanceKlass com/lowagie/text/pdf/PdfEncodings$WingdingsConversion
instanceKlass com/lowagie/text/pdf/IntHashtable$Entry
instanceKlass com/lowagie/text/pdf/IntHashtable
instanceKlass com/lowagie/text/pdf/ExtraEncoding
instanceKlass com/lowagie/text/pdf/PdfEncodings
instanceKlass com/lowagie/text/pdf/PdfPageEvent
instanceKlass com/lowagie/text/xml/xmp/XmpWriter
instanceKlass net/sf/jasperreports/export/pdf/classic/ClassicDocument
instanceKlass net/sf/jasperreports/engine/JasperPrint$DefaultPrintPageFormat
instanceKlass java/awt/print/PrinterJob
instanceKlass com/lowagie/text/pdf/PdfShading
instanceKlass com/lowagie/text/Document
instanceKlass com/lowagie/text/pdf/PdfSpotColor
instanceKlass com/lowagie/text/pdf/BaseFont
instanceKlass com/lowagie/text/pdf/PdfTextArray
instanceKlass com/lowagie/text/DocWriter
instanceKlass com/lowagie/text/DocListener
instanceKlass com/lowagie/text/ElementListener
instanceKlass com/lowagie/text/pdf/interfaces/PdfAnnotations
instanceKlass com/lowagie/text/pdf/interfaces/PdfRunDirection
instanceKlass com/lowagie/text/pdf/interfaces/PdfXConformance
instanceKlass com/lowagie/text/pdf/interfaces/PdfPageActions
instanceKlass com/lowagie/text/pdf/interfaces/PdfDocumentActions
instanceKlass com/lowagie/text/pdf/interfaces/PdfVersion
instanceKlass com/lowagie/text/pdf/interfaces/PdfEncryptionSettings
instanceKlass com/lowagie/text/pdf/interfaces/PdfViewerPreferences
instanceKlass com/lowagie/text/Rectangle
instanceKlass com/lowagie/text/Element
instanceKlass com/lowagie/text/pdf/PdfOCG
instanceKlass java/awt/print/PrinterGraphics
instanceKlass com/lowagie/text/pdf/PdfContentByte
instanceKlass java/awt/Graphics
instanceKlass net/sf/jasperreports/export/pdf/classic/GlyphRendering
instanceKlass net/sf/jasperreports/export/pdf/PdfStructure
instanceKlass com/lowagie/text/SplitCharacter
instanceKlass net/sf/jasperreports/export/pdf/PdfOutlineEntry
instanceKlass net/sf/jasperreports/export/pdf/PdfRadioCheck
instanceKlass com/lowagie/text/pdf/PdfObject
instanceKlass net/sf/jasperreports/export/pdf/PdfPhrase
instanceKlass net/sf/jasperreports/export/pdf/PdfDocument
instanceKlass net/sf/jasperreports/export/pdf/PdfContent
instanceKlass com/lowagie/text/pdf/FontMapper
instanceKlass net/sf/jasperreports/export/pdf/PdfTextField
instanceKlass net/sf/jasperreports/export/pdf/PdfField
instanceKlass java/awt/image/WritableRenderedImage
instanceKlass java/awt/image/RenderedImage
instanceKlass net/sf/jasperreports/export/pdf/PdfImage
instanceKlass net/sf/jasperreports/export/pdf/PdfTextChunk
instanceKlass net/sf/jasperreports/export/pdf/PdfDocumentWriter
instanceKlass net/sf/jasperreports/export/pdf/FontRecipient
instanceKlass net/sf/jasperreports/export/pdf/classic/ClassicPdfProducer
instanceKlass net/sf/jasperreports/engine/export/JRPdfExporter$1
instanceKlass net/sf/jasperreports/export/pdf/PdfProducer
instanceKlass net/sf/jasperreports/export/pdf/classic/ClassicPdfProducerFactory
instanceKlass net/sf/jasperreports/export/annotations/ExporterParameter
instanceKlass net/sf/jasperreports/export/annotations/ExporterProperty
instanceKlass net/sf/jasperreports/export/CompositeExporterConfigurationFactory$DelegateInvocationHandler
instanceKlass net/sf/jasperreports/export/CompositeExporterConfigurationFactory
instanceKlass net/sf/jasperreports/export/PropertiesNoDefaultsConfigurationFactory$PropertiesInvocationHandler
instanceKlass net/sf/jasperreports/export/PropertiesNoDefaultsConfigurationFactory
instanceKlass net/sf/jasperreports/export/PropertiesDefaultsConfigurationFactory$PropertiesDefaultsInvocationHandler
instanceKlass net/sf/jasperreports/export/PdfExporterConfiguration
instanceKlass net/sf/jasperreports/export/ExporterConfiguration
instanceKlass net/sf/jasperreports/export/PropertiesDefaultsConfigurationFactory
instanceKlass net/sf/jasperreports/engine/JRExporterParameter
instanceKlass net/sf/jasperreports/export/SimpleOutputStreamExporterOutput
instanceKlass net/sf/jasperreports/export/OutputStreamExporterOutput
instanceKlass net/sf/jasperreports/export/SimpleExporterInputItem
instanceKlass net/sf/jasperreports/export/ExporterInputItem
instanceKlass net/sf/jasperreports/export/SimpleExporterInput
instanceKlass net/sf/jasperreports/engine/JRAbstractExporter$BaseExporterContext
instanceKlass net/sf/jasperreports/engine/export/JRPdfExporterContext
instanceKlass net/sf/jasperreports/engine/export/JRPdfExporterTagHelper
instanceKlass net/sf/jasperreports/export/pdf/PdfProducerFactory
instanceKlass net/sf/jasperreports/export/pdf/PdfProducerContext
instanceKlass net/sf/jasperreports/export/pdf/PdfChunk
instanceKlass net/sf/jasperreports/engine/export/JRExporterContext
instanceKlass net/sf/jasperreports/engine/export/JRHyperlinkProducerFactory
instanceKlass net/sf/jasperreports/export/CommonExportConfiguration
instanceKlass net/sf/jasperreports/engine/export/data/TextValue
instanceKlass net/sf/jasperreports/engine/JRAbstractExporter
instanceKlass net/sf/jasperreports/engine/JRExporter
instanceKlass net/sf/jasperreports/export/Exporter
instanceKlass net/sf/jasperreports/export/ExporterOutput
instanceKlass net/sf/jasperreports/export/ExporterInput
instanceKlass net/sf/jasperreports/engine/JasperExportManager
instanceKlass net/sf/jasperreports/engine/fill/JRFillContext$FillCacheDisposable
instanceKlass net/sf/jasperreports/compilers/StandardExpressionEvaluators$VariableEvaluator
instanceKlass java/beans/PropertyChangeListener
instanceKlass java/beans/ChangeListenerMap
instanceKlass net/sf/jasperreports/engine/util/StyleUtil$4
instanceKlass net/sf/jasperreports/engine/util/StyleUtil$3
instanceKlass net/sf/jasperreports/engine/util/StyleUtil$2
instanceKlass net/sf/jasperreports/engine/util/StyleUtil$1
instanceKlass net/sf/jasperreports/engine/util/StyleUtil$BoxSideSelector
instanceKlass net/sf/jasperreports/engine/util/StyleUtil
instanceKlass net/sf/jasperreports/engine/fill/ElementEvaluationsSource
instanceKlass net/sf/jasperreports/engine/fill/ElementRangeUtil
instanceKlass net/sf/jasperreports/engine/fonts/FontInfo
instanceKlass org/codehaus/groovy/runtime/typehandling/NumberMath
instanceKlass org/codehaus/groovy/runtime/typehandling/NumberMathModificationInfo$$Lambda$578
instanceKlass org/codehaus/groovy/runtime/typehandling/NumberMathModificationInfo$$Lambda$577
instanceKlass org/codehaus/groovy/runtime/typehandling/NumberMathModificationInfo$$Lambda$576
instanceKlass org/codehaus/groovy/runtime/typehandling/NumberMathModificationInfo$$Lambda$575
instanceKlass org/codehaus/groovy/runtime/typehandling/NumberMathModificationInfo$$Lambda$574
instanceKlass org/codehaus/groovy/runtime/typehandling/NumberMathModificationInfo$$Lambda$573
instanceKlass org/codehaus/groovy/runtime/typehandling/NumberMathModificationInfo$$Lambda$572
instanceKlass org/codehaus/groovy/runtime/typehandling/NumberMathModificationInfo$$Lambda$571
instanceKlass org/codehaus/groovy/runtime/typehandling/NumberMathModificationInfo$$Lambda$570
instanceKlass org/codehaus/groovy/runtime/typehandling/NumberMathModificationInfo$$Lambda$569
instanceKlass org/codehaus/groovy/runtime/typehandling/NumberMathModificationInfo$$Lambda$568
instanceKlass org/codehaus/groovy/runtime/typehandling/NumberMathModificationInfo$$Lambda$567
instanceKlass org/codehaus/groovy/runtime/typehandling/NumberMathModificationInfo$$Lambda$566
instanceKlass org/codehaus/groovy/runtime/typehandling/NumberMathModificationInfo$$Lambda$565
instanceKlass org/codehaus/groovy/runtime/typehandling/NumberMathModificationInfo$$Lambda$564
instanceKlass org/codehaus/groovy/runtime/typehandling/NumberMathModificationInfo$$Lambda$563
instanceKlass org/codehaus/groovy/runtime/typehandling/NumberMathModificationInfo$$Lambda$562
instanceKlass org/codehaus/groovy/runtime/typehandling/NumberMathModificationInfo$$Lambda$561
instanceKlass org/codehaus/groovy/runtime/typehandling/NumberMathModificationInfo$$Lambda$560
instanceKlass org/codehaus/groovy/runtime/typehandling/NumberMathModificationInfo$$Lambda$559
instanceKlass org/codehaus/groovy/runtime/typehandling/NumberMathModificationInfo$$Lambda$558
instanceKlass org/codehaus/groovy/runtime/typehandling/NumberMathModificationInfo$$Lambda$557
instanceKlass org/codehaus/groovy/runtime/typehandling/NumberMathModificationInfo$$Lambda$556
instanceKlass org/codehaus/groovy/runtime/typehandling/NumberMathModificationInfo$$Lambda$555
instanceKlass org/codehaus/groovy/runtime/typehandling/NumberMathModificationInfo$$Lambda$554
instanceKlass org/codehaus/groovy/runtime/typehandling/NumberMathModificationInfo$$Lambda$553
instanceKlass org/codehaus/groovy/runtime/typehandling/NumberMathModificationInfo$$Lambda$552
instanceKlass org/codehaus/groovy/runtime/typehandling/NumberMathModificationInfo$$Lambda$551
instanceKlass org/codehaus/groovy/runtime/typehandling/NumberMathModificationInfo$$Lambda$550
instanceKlass org/codehaus/groovy/runtime/typehandling/NumberMathModificationInfo$$Lambda$549
instanceKlass org/codehaus/groovy/runtime/typehandling/NumberMathModificationInfo$$Lambda$548
instanceKlass org/codehaus/groovy/runtime/typehandling/NumberMathModificationInfo$$Lambda$547
instanceKlass org/codehaus/groovy/runtime/typehandling/NumberMathModificationInfo$$Lambda$546
instanceKlass org/codehaus/groovy/runtime/typehandling/NumberMathModificationInfo$$Lambda$545
instanceKlass org/codehaus/groovy/runtime/typehandling/NumberMathModificationInfo$$Lambda$544
instanceKlass org/codehaus/groovy/runtime/typehandling/NumberMathModificationInfo$$Lambda$543
instanceKlass org/codehaus/groovy/runtime/typehandling/NumberMathModificationInfo$$Lambda$542
instanceKlass org/codehaus/groovy/runtime/typehandling/NumberMathModificationInfo$$Lambda$541
instanceKlass org/codehaus/groovy/runtime/typehandling/NumberMathModificationInfo$$Lambda$540
instanceKlass org/codehaus/groovy/runtime/typehandling/NumberMathModificationInfo$$Lambda$539
instanceKlass org/codehaus/groovy/runtime/typehandling/NumberMathModificationInfo$$Lambda$538
instanceKlass org/codehaus/groovy/runtime/typehandling/NumberMathModificationInfo$$Lambda$537
instanceKlass org/codehaus/groovy/runtime/typehandling/NumberMathModificationInfo$$Lambda$536
instanceKlass org/codehaus/groovy/runtime/typehandling/NumberMathModificationInfo$$Lambda$535
instanceKlass org/codehaus/groovy/runtime/typehandling/NumberMathModificationInfo$$Lambda$534
instanceKlass org/codehaus/groovy/runtime/typehandling/NumberMathModificationInfo$$Lambda$533
instanceKlass org/codehaus/groovy/runtime/typehandling/NumberMathModificationInfo$$Lambda$532
instanceKlass org/codehaus/groovy/runtime/typehandling/NumberMathModificationInfo$$Lambda$531
instanceKlass org/codehaus/groovy/runtime/typehandling/NumberMathModificationInfo$$Lambda$530
instanceKlass org/codehaus/groovy/runtime/typehandling/NumberMathModificationInfo$$Lambda$529
instanceKlass org/codehaus/groovy/runtime/typehandling/NumberMathModificationInfo$$Lambda$528
instanceKlass org/codehaus/groovy/runtime/typehandling/NumberMathModificationInfo$$Lambda$527
instanceKlass org/codehaus/groovy/runtime/typehandling/NumberMathModificationInfo$$Lambda$526
instanceKlass org/codehaus/groovy/runtime/typehandling/NumberMathModificationInfo$$Lambda$525
instanceKlass org/codehaus/groovy/runtime/typehandling/NumberMathModificationInfo$$Lambda$524
instanceKlass org/codehaus/groovy/runtime/typehandling/NumberMathModificationInfo$$Lambda$523
instanceKlass org/codehaus/groovy/runtime/typehandling/NumberMathModificationInfo$$Lambda$522
instanceKlass org/codehaus/groovy/runtime/typehandling/NumberMathModificationInfo$$Lambda$521
instanceKlass org/codehaus/groovy/runtime/typehandling/NumberMathModificationInfo$$Lambda$520
instanceKlass org/codehaus/groovy/runtime/typehandling/NumberMathModificationInfo$$Lambda$519
instanceKlass org/codehaus/groovy/runtime/typehandling/NumberMathModificationInfo$$Lambda$518
instanceKlass org/codehaus/groovy/runtime/typehandling/NumberMathModificationInfo$$Lambda$517
instanceKlass org/codehaus/groovy/runtime/typehandling/NumberMathModificationInfo$$Lambda$516
instanceKlass org/codehaus/groovy/runtime/typehandling/NumberMathModificationInfo$$Lambda$515
instanceKlass org/codehaus/groovy/runtime/typehandling/NumberMathModificationInfo$$Lambda$514
instanceKlass org/codehaus/groovy/runtime/typehandling/NumberMathModificationInfo$$Lambda$513
instanceKlass org/codehaus/groovy/runtime/typehandling/NumberMathModificationInfo$$Lambda$512
instanceKlass org/codehaus/groovy/runtime/typehandling/NumberMathModificationInfo$$Lambda$511
instanceKlass org/codehaus/groovy/runtime/typehandling/NumberMathModificationInfo$$Lambda$510
instanceKlass org/codehaus/groovy/runtime/typehandling/NumberMathModificationInfo$$Lambda$509
instanceKlass org/codehaus/groovy/runtime/typehandling/NumberMathModificationInfo$$Lambda$508
instanceKlass org/codehaus/groovy/runtime/typehandling/NumberMathModificationInfo$$Lambda$507
instanceKlass org/codehaus/groovy/runtime/typehandling/NumberMathModificationInfo
instanceKlass net/sf/jasperreports/engine/fill/SimpleElementRange
instanceKlass net/sf/jasperreports/engine/JRPrintLine
instanceKlass net/sf/jasperreports/engine/JRPrintGraphicElement
instanceKlass net/sf/jasperreports/engine/util/UniformPrintElementVisitor
instanceKlass net/sf/jasperreports/engine/fill/VirtualizableFrame
instanceKlass net/sf/jasperreports/engine/JRPrintFrame
instanceKlass net/sf/jasperreports/engine/fill/OffsetElementsIterator
instanceKlass net/sf/jasperreports/crosstabs/fill/calculation/BucketingServiceContext
instanceKlass net/sf/jasperreports/engine/JRSubreport
instanceKlass net/sf/jasperreports/engine/fill/JRPrintBand
instanceKlass net/sf/jasperreports/engine/fill/OffsetElementsContainer
instanceKlass net/sf/jasperreports/engine/export/AbstractTextRenderer$1
instanceKlass net/sf/jasperreports/engine/fill/TabSegment
instanceKlass net/sf/jasperreports/engine/fill/SimpleTextLine
instanceKlass sun/font/DelegatingShape
instanceKlass sun/font/StandardGlyphVector$GlyphStrike
instanceKlass java/awt/font/GlyphVector
instanceKlass sun/font/GlyphLayout$LayoutEngineKey
instanceKlass sun/font/GlyphLayout$EngineRecord
instanceKlass sun/font/ScriptRunData
instanceKlass sun/font/FontSubstitution
instanceKlass sun/font/GlyphLayout$SDCache$SDKey
instanceKlass sun/font/GlyphLayout$SDCache
instanceKlass sun/font/FontRunIterator
instanceKlass sun/font/ScriptRun
instanceKlass sun/font/TextRecord
instanceKlass sun/font/GlyphLayout$GVData
instanceKlass sun/font/SunLayoutEngine
instanceKlass sun/font/GlyphLayout$LayoutEngineFactory
instanceKlass sun/font/GlyphLayout$LayoutEngine
instanceKlass sun/font/GlyphLayout
instanceKlass sun/font/TextLabel
instanceKlass sun/font/Decoration$Label
instanceKlass sun/font/TextSource
instanceKlass java/awt/font/GraphicAttribute
instanceKlass sun/font/TextLineComponent
instanceKlass sun/font/TextLabelFactory
instanceKlass java/awt/font/CharArrayIterator
instanceKlass java/awt/font/TextLine$Function
instanceKlass java/awt/font/TextLine
instanceKlass java/text/AttributeEntry
instanceKlass java/text/Annotation
instanceKlass sun/font/Decoration
instanceKlass java/awt/font/StyledParagraph
instanceKlass sun/text/bidi/BidiBase$TextAttributeConstants
instanceKlass java/awt/font/TextMeasurer
instanceKlass java/text/AttributedString$AttributedStringIterator
instanceKlass java/text/AttributedCharacterIterator
instanceKlass java/awt/font/LineBreakMeasurer
instanceKlass java/text/AttributedString
instanceKlass net/sf/jasperreports/engine/util/ParagraphUtil
instanceKlass java/text/StringCharacterIterator
instanceKlass java/text/BreakIterator$BreakIteratorCache
instanceKlass sun/text/SupplementaryCharacterData
instanceKlass sun/text/CompactByteArray
instanceKlass sun/util/locale/provider/RuleBasedBreakIterator$1
instanceKlass java/text/BreakIterator
instanceKlass sun/text/normalizer/VersionInfo
instanceKlass sun/text/normalizer/UCharacterPropertyReader
instanceKlass sun/text/normalizer/UCharacterProperty
instanceKlass sun/text/normalizer/UCharacter
instanceKlass net/sf/jasperreports/engine/fill/SimpleTextLineWrapper$ElementFontInfo
instanceKlass net/sf/jasperreports/engine/fill/SimpleTextLineWrapper$FontStatistics
instanceKlass net/sf/jasperreports/engine/fill/SimpleTextLineWrapper$FontInfo
instanceKlass java/awt/font/LineMetrics
instanceKlass sun/font/CoreMetrics
instanceKlass sun/font/StrikeCache$DisposableStrike
instanceKlass sun/font/FontStrikeDisposer
instanceKlass sun/java2d/Disposer$PollDisposable
instanceKlass sun/font/CMap
instanceKlass sun/font/T2KFontScaler$1
instanceKlass sun/font/FontScaler
instanceKlass sun/font/FontStrikeDesc
instanceKlass net/sf/jasperreports/engine/export/AbstractTextRenderer
instanceKlass sun/font/AttributeValues$1
instanceKlass net/sf/jasperreports/engine/fill/SimpleTextLineWrapper$FontKey
instanceKlass net/sf/jasperreports/engine/fonts/AwtFontAttribute
instanceKlass net/sf/jasperreports/engine/fill/TextMeasurer$TextMeasuredState
instanceKlass net/sf/jasperreports/engine/fill/TextMeasurer$1
instanceKlass net/sf/jasperreports/engine/util/Pair
instanceKlass net/sf/jasperreports/engine/util/MaxFontSizeFinder
instanceKlass net/sf/jasperreports/engine/fill/ComplexTextLineWrapper
instanceKlass java/lang/Character$Subset
instanceKlass net/sf/jasperreports/engine/fill/TextLine
instanceKlass net/sf/jasperreports/engine/fill/SimpleTextLineWrapper
instanceKlass net/sf/jasperreports/engine/fill/TextMeasurer$Context
instanceKlass net/sf/jasperreports/engine/fill/JRMeasuredText
instanceKlass net/sf/jasperreports/engine/fill/TextLineWrapper
instanceKlass net/sf/jasperreports/engine/fill/TextMeasureContext
instanceKlass net/sf/jasperreports/engine/fill/TextMeasurer
instanceKlass net/sf/jasperreports/engine/fill/JRTextMeasurer
instanceKlass net/sf/jasperreports/engine/util/AbstractTextMeasurerFactory
instanceKlass net/sf/jasperreports/engine/util/JRTextMeasurerFactory
instanceKlass net/sf/jasperreports/engine/util/JRTextMeasurerUtil
instanceKlass net/sf/jasperreports/engine/util/JRStyledText$Run
instanceKlass net/sf/jasperreports/engine/util/JRStyledText
instanceKlass net/sf/jasperreports/engine/fill/JRFillHyperlinkHelper
instanceKlass net/sf/jasperreports/engine/fill/SimpleTextFormat
instanceKlass net/sf/jasperreports/engine/fill/JRFillTextElement$FillStyleObjects
instanceKlass net/sf/jasperreports/engine/fill/CachingParagraph
instanceKlass net/sf/jasperreports/engine/fill/CachingLineBox
instanceKlass sun/util/calendar/Era
instanceKlass net/sf/jasperreports/engine/fill/JRFillElement$1
instanceKlass net/sf/jasperreports/engine/base/JRBasePrintPage
instanceKlass net/sf/jasperreports/engine/fill/JRCalculator$1
instanceKlass net/sf/jasperreports/engine/fill/JRComparableIncrementerFactory$1
instanceKlass org/codehaus/groovy/vmplugin/v8/IndyInterface$$Lambda$506
instanceKlass java/lang/invoke/LambdaForm$MH
instanceKlass java/lang/invoke/LambdaForm$MH
instanceKlass java/lang/invoke/LambdaForm$DMH
instanceKlass java/lang/invoke/LambdaForm$MH
instanceKlass java/lang/invoke/LambdaForm$DMH
instanceKlass java/lang/invoke/LambdaForm$BMH
instanceKlass java/lang/invoke/LambdaForm$MH
instanceKlass java/lang/invoke/LambdaForm$MH
instanceKlass java/lang/invoke/MethodHandles$1
instanceKlass java/lang/invoke/SwitchPoint
instanceKlass java/lang/invoke/LambdaForm$DMH
instanceKlass java/lang/invoke/LambdaForm$DMH
instanceKlass org/codehaus/groovy/vmplugin/v8/IndyInterface
instanceKlass java/lang/invoke/LambdaForm$MH
instanceKlass java/lang/invoke/LambdaForm$DMH
instanceKlass java/lang/invoke/LambdaForm$DMH
instanceKlass groovy/lang/ExpandoMetaClass$$Lambda$505
instanceKlass org/codehaus/groovy/runtime/callsite/BooleanClosureWrapper
instanceKlass sun/reflect/generics/tree/ArrayTypeSignature
instanceKlass sun/reflect/generics/tree/IntSignature
instanceKlass org/apache/groovy/util/Maps
instanceKlass java/lang/invoke/SerializedLambda
instanceKlass java/util/stream/MatchOps$$Lambda$504
instanceKlass java/util/stream/MatchOps$BooleanTerminalSink
instanceKlass java/util/stream/MatchOps$MatchOp
instanceKlass java/util/stream/MatchOps
instanceKlass org/codehaus/groovy/ast/ClassNode$$Lambda$503
instanceKlass java/lang/invoke/LambdaForm$DMH
instanceKlass org/codehaus/groovy/ast/ClassNode$$Lambda$502
instanceKlass org/codehaus/groovy/ast/CompileUnit
instanceKlass org/codehaus/groovy/ast/ClassNode$MapOfLists
instanceKlass org/codehaus/groovy/util/AbstractConcurrentMap$Entry
instanceKlass org/codehaus/groovy/util/AbstractConcurrentMapBase$Entry
instanceKlass org/codehaus/groovy/ast/ClassHelper$ClassHelperCache
instanceKlass org/codehaus/groovy/runtime/GeneratedLambda
instanceKlass org/codehaus/groovy/ast/ClassHelper
instanceKlass org/codehaus/groovy/classgen/asm/util/TypeUtil
instanceKlass groovy/lang/DelegatingMetaClass
instanceKlass org/codehaus/groovy/reflection/AccessPermissionChecker
instanceKlass org/codehaus/groovy/reflection/ReflectionUtils$$Lambda$501
instanceKlass org/codehaus/groovy/runtime/metaclass/DefaultMetaClassInfo$ConstantMetaClassVersioning
instanceKlass org/codehaus/groovy/runtime/metaclass/DefaultMetaClassInfo
instanceKlass org/codehaus/groovy/runtime/BytecodeInterface8
instanceKlass net/sf/jasperreports/engine/fill/JRDoubleIncrementerFactory$1
instanceKlass net/sf/jasperreports/compilers/StandardExpressionEvaluators$FieldEvaluator
instanceKlass net/sf/jasperreports/compilers/StandardExpressionEvaluators$2
instanceKlass net/sf/jasperreports/engine/fill/AbstractValueProvider
instanceKlass net/sf/jasperreports/engine/fill/JRAbstractExtendedIncrementer
instanceKlass net/sf/jasperreports/engine/fill/JRDefaultIncrementerFactory$1
instanceKlass net/sf/jasperreports/engine/fill/JRIntegerIncrementerFactory$1
instanceKlass net/sf/jasperreports/engine/fill/JRExtendedIncrementer
instanceKlass net/sf/jasperreports/engine/fill/JRIncrementer
instanceKlass net/sf/jasperreports/engine/fill/JRAbstractExtendedIncrementerFactory
instanceKlass net/sf/jasperreports/engine/fill/JRExtendedIncrementerFactory
instanceKlass com/mysql/jdbc/ResultSetMetaData
instanceKlass net/sf/jasperreports/engine/util/JRDataUtils
instanceKlass net/sf/jasperreports/engine/util/DeduplicableRegistry$DeduplicableWrapper
instanceKlass net/sf/jasperreports/engine/util/DeduplicableRegistry$DeduplicableMap
instanceKlass net/sf/jasperreports/engine/base/JRBaseStyle$1
instanceKlass org/apache/commons/collections4/map/AbstractLinkedMap$LinkIterator
instanceKlass org/apache/commons/collections4/ResettableIterator
instanceKlass org/apache/commons/collections4/OrderedMapIterator
instanceKlass org/apache/commons/collections4/OrderedIterator
instanceKlass org/apache/commons/collections4/OrderedMap
instanceKlass net/sf/jasperreports/engine/fill/DatasetSortUtil
instanceKlass net/sf/jasperreports/components/headertoolbar/HeaderToolbarParameterContributor
instanceKlass net/sf/jasperreports/engine/ParameterContributorContext
instanceKlass net/sf/jasperreports/engine/scriptlets/DefaultScriptletFactory
instanceKlass net/sf/jasperreports/engine/scriptlets/ScriptletFactoryContext
instanceKlass net/sf/jasperreports/engine/util/DefaultFormatFactory
instanceKlass net/sf/jasperreports/engine/util/FormatFactory
instanceKlass net/sf/jasperreports/engine/fill/JREvaluationTime$1
instanceKlass net/sf/jasperreports/engine/fill/JRResourcesFillUtil$ResourcesFillContext
instanceKlass net/sf/jasperreports/engine/fill/JRResourcesFillUtil
instanceKlass net/sf/jasperreports/engine/SimpleJasperReportsContext
instanceKlass net/sf/jasperreports/engine/fill/JREvaluationTime
instanceKlass net/sf/jasperreports/engine/fill/FillBaseExpressionValues
instanceKlass java/util/zip/ZipUtils
instanceKlass java/lang/Package$1
instanceKlass org/codehaus/groovy/runtime/memoize/UnlimitedConcurrentCache
instanceKlass org/codehaus/groovy/runtime/memoize/EvictableCache
instanceKlass org/codehaus/groovy/ast/stmt/LoopingStatement
instanceKlass org/codehaus/groovy/control/messages/Message
instanceKlass org/codehaus/groovy/ast/CodeVisitorSupport
instanceKlass org/codehaus/groovy/ast/GroovyCodeVisitor
instanceKlass org/codehaus/groovy/ast/GroovyClassVisitor
instanceKlass org/codehaus/groovy/transform/ErrorCollecting
instanceKlass org/codehaus/groovy/ast/expr/ExpressionTransformer
instanceKlass org/codehaus/groovy/runtime/InvokerHelper
instanceKlass org/codehaus/groovy/reflection/ClassLoaderForClassArtifacts$$Lambda$500
instanceKlass org/codehaus/groovy/classgen/asm/BytecodeHelper
instanceKlass groovyjarjarasm/asm/Edge
instanceKlass org/codehaus/groovy/reflection/CachedClass$5$$Lambda$499
instanceKlass org/codehaus/groovy/classgen/GeneratorContext
instanceKlass org/codehaus/groovy/reflection/android/AndroidSupport
instanceKlass groovyjarjarasm/asm/Context
instanceKlass groovyjarjarasm/asm/ClassReader
instanceKlass org/codehaus/groovy/runtime/callsite/GroovySunClassLoader$$Lambda$498
instanceKlass groovyjarjarasm/asm/Attribute
instanceKlass groovyjarjarasm/asm/Handler
instanceKlass groovyjarjarasm/asm/Label
instanceKlass groovyjarjarasm/asm/Type
instanceKlass groovyjarjarasm/asm/Frame
instanceKlass groovyjarjarasm/asm/ByteVector
instanceKlass groovyjarjarasm/asm/Symbol
instanceKlass groovyjarjarasm/asm/SymbolTable
instanceKlass groovyjarjarasm/asm/FieldVisitor
instanceKlass groovyjarjarasm/asm/MethodVisitor
instanceKlass groovyjarjarasm/asm/AnnotationVisitor
instanceKlass groovyjarjarasm/asm/ModuleVisitor
instanceKlass groovyjarjarasm/asm/RecordComponentVisitor
instanceKlass org/codehaus/groovy/reflection/SunClassLoader$$Lambda$497
instanceKlass org/codehaus/groovy/runtime/callsite/CallSiteGenerator
instanceKlass org/codehaus/groovy/runtime/metaclass/MetaMethodIndex$CacheEntry
instanceKlass groovy/lang/AdaptingMetaClass
instanceKlass groovy/lang/GroovyInterceptable
instanceKlass org/codehaus/groovy/runtime/ArrayUtil
instanceKlass net/sf/jasperreports/engine/JROrigin
instanceKlass net/sf/jasperreports/engine/JRBreak
instanceKlass net/sf/jasperreports/engine/fill/JRYComparator
instanceKlass net/sf/jasperreports/engine/util/JRCloneUtils
instanceKlass net/sf/jasperreports/components/headertoolbar/HeaderToolbarConditionalStyleProvider
instanceKlass net/sf/jasperreports/engine/fill/FillStyleProviderContext
instanceKlass net/sf/jasperreports/engine/ElementsVisitor
instanceKlass net/sf/jasperreports/engine/util/ElementsVisitorUtils
instanceKlass net/sf/jasperreports/engine/fill/DefaultPrintElementOriginator
instanceKlass net/sf/jasperreports/engine/util/MarkupProcessorFactory
instanceKlass net/sf/jasperreports/engine/util/JRSingletonCache
instanceKlass net/sf/jasperreports/engine/fill/JRTemplateElement
instanceKlass net/sf/jasperreports/engine/fill/JRRecordedValuesPrintElement
instanceKlass net/sf/jasperreports/engine/fill/JRTemplatePrintElement
instanceKlass net/sf/jasperreports/engine/virtualization/VirtualizationSerializable
instanceKlass net/sf/jasperreports/engine/JRPrintText
instanceKlass net/sf/jasperreports/engine/fill/TextFormat
instanceKlass net/sf/jasperreports/engine/JRPrintHyperlink
instanceKlass net/sf/jasperreports/engine/JRPrintAnchor
instanceKlass net/sf/jasperreports/engine/style/StyleProviderContext
instanceKlass java/nio/channels/Channels
instanceKlass java/nio/file/CopyOption
instanceKlass java/util/RegularEnumSet$EnumSetIterator
instanceKlass sun/nio/fs/WindowsPath$1
instanceKlass java/nio/file/TempFileHelper
instanceKlass net/sf/jasperreports/engine/fonts/AwtFontManager
instanceKlass net/sf/jasperreports/engine/fonts/SimpleFontFace
instanceKlass net/sf/jasperreports/engine/fonts/FontFace
instanceKlass net/sf/jasperreports/engine/fonts/SimpleFontFamily
instanceKlass org/w3c/dom/Attr
instanceKlass org/w3c/dom/Comment
instanceKlass net/sf/jasperreports/engine/util/JRResourcesUtil$$Lambda$496
instanceKlass net/sf/jasperreports/engine/util/ThreadLocalStack
instanceKlass net/sf/jasperreports/engine/util/JRResourcesUtil
instanceKlass net/sf/jasperreports/repo/InputStreamPersistenceService
instanceKlass net/sf/jasperreports/repo/PersistenceService
instanceKlass net/sf/jasperreports/repo/DefaultRepositoryPersistenceServiceFactory
instanceKlass net/sf/jasperreports/repo/PersistenceUtil
instanceKlass net/sf/jasperreports/repo/ObjectResource
instanceKlass net/sf/jasperreports/repo/Resource
instanceKlass net/sf/jasperreports/engine/util/MessageProviderFactory
instanceKlass net/sf/jasperreports/charts/ChartThemeBundle
instanceKlass net/sf/jasperreports/engine/query/JRQueryExecuterFactoryBundle
instanceKlass net/sf/jasperreports/web/util/WebResourceHandler
instanceKlass net/sf/jasperreports/repo/ResourceInfo
instanceKlass net/sf/jasperreports/repo/DefaultRepositoryService
instanceKlass net/sf/jasperreports/repo/StreamRepositoryService
instanceKlass net/sf/jasperreports/repo/RepositoryUtil
instanceKlass net/sf/jasperreports/engine/fonts/FontExtensionsCollector
instanceKlass com/sun/org/apache/xerces/internal/util/ErrorHandlerWrapper
instanceKlass com/sun/org/apache/xerces/internal/xni/parser/XMLErrorHandler
instanceKlass net/sf/jasperreports/engine/fonts/FontSet
instanceKlass net/sf/jasperreports/engine/fonts/FontSetFamily
instanceKlass net/sf/jasperreports/engine/fonts/FontExtensionsContainer
instanceKlass net/sf/jasperreports/engine/fonts/SimpleFontExtensionHelper
instanceKlass net/sf/jasperreports/repo/PersistenceServiceFactory
instanceKlass net/sf/jasperreports/repo/RepositoryService
instanceKlass org/joda/time/ReadablePartial
instanceKlass net/sf/jasperreports/functions/standard/LogicalFunctions
instanceKlass net/sf/jasperreports/functions/standard/MathFunctions
instanceKlass net/sf/jasperreports/functions/AbstractFunctionSupport
instanceKlass net/sf/jasperreports/functions/FunctionsBundle
instanceKlass net/sf/jasperreports/functions/FunctionsRegistryFactory
